TN:
SF:app/+not-found.tsx
FN:14,NotFoundScreen
FN:20,(anonymous_1)
FN:24,(anonymous_2)
FNF:3
FNH:0
FNDA:0,NotFoundScreen
FNDA:0,(anonymous_1)
FNDA:0,(anonymous_2)
DA:15,0
DA:16,0
DA:17,0
DA:18,0
DA:20,0
DA:21,0
DA:24,0
DA:25,0
DA:28,0
DA:75,0
LF:10
LH:0
BRDA:18,0,0,0
BRDA:18,0,1,0
BRF:2
BRH:0
end_of_record
TN:
SF:app/_layout.tsx
FN:29,RootLayoutNav
FN:61,RootLayout
FNF:2
FNH:0
FNDA:0,RootLayoutNav
FNDA:0,RootLayout
DA:15,0
DA:21,0
DA:30,0
DA:32,0
DA:62,0
LF:5
LH:0
BRDA:23,0,0,0
BRDA:23,0,1,0
BRDA:33,1,0,0
BRDA:33,1,1,0
BRF:4
BRH:0
end_of_record
TN:
SF:app/edit-profile.tsx
FN:63,EditProfileScreen
FN:105,(anonymous_1)
FN:126,(anonymous_2)
FN:150,(anonymous_3)
FN:174,(anonymous_4)
FN:189,(anonymous_5)
FN:190,(anonymous_6)
FN:194,(anonymous_7)
FN:203,(anonymous_8)
FN:223,(anonymous_9)
FN:256,(anonymous_10)
FN:271,(anonymous_11)
FN:294,(anonymous_12)
FN:353,(anonymous_13)
FN:370,(anonymous_14)
FN:387,(anonymous_15)
FN:418,(anonymous_16)
FN:423,(anonymous_17)
FN:473,(anonymous_18)
FN:478,(anonymous_19)
FN:483,(anonymous_20)
FN:491,(anonymous_21)
FN:511,(anonymous_22)
FN:516,(anonymous_23)
FN:521,(anonymous_24)
FN:532,(anonymous_25)
FN:546,(anonymous_26)
FN:556,(anonymous_27)
FNF:28
FNH:0
FNDA:0,EditProfileScreen
FNDA:0,(anonymous_1)
FNDA:0,(anonymous_2)
FNDA:0,(anonymous_3)
FNDA:0,(anonymous_4)
FNDA:0,(anonymous_5)
FNDA:0,(anonymous_6)
FNDA:0,(anonymous_7)
FNDA:0,(anonymous_8)
FNDA:0,(anonymous_9)
FNDA:0,(anonymous_10)
FNDA:0,(anonymous_11)
FNDA:0,(anonymous_12)
FNDA:0,(anonymous_13)
FNDA:0,(anonymous_14)
FNDA:0,(anonymous_15)
FNDA:0,(anonymous_16)
FNDA:0,(anonymous_17)
FNDA:0,(anonymous_18)
FNDA:0,(anonymous_19)
FNDA:0,(anonymous_20)
FNDA:0,(anonymous_21)
FNDA:0,(anonymous_22)
FNDA:0,(anonymous_23)
FNDA:0,(anonymous_24)
FNDA:0,(anonymous_25)
FNDA:0,(anonymous_26)
FNDA:0,(anonymous_27)
DA:27,0
DA:42,0
DA:64,0
DA:65,0
DA:66,0
DA:67,0
DA:69,0
DA:73,0
DA:74,0
DA:75,0
DA:76,0
DA:77,0
DA:80,0
DA:81,0
DA:82,0
DA:83,0
DA:86,0
DA:89,0
DA:90,0
DA:93,0
DA:94,0
DA:97,0
DA:98,0
DA:99,0
DA:101,0
DA:105,0
DA:106,0
DA:126,0
DA:127,0
DA:128,0
DA:129,0
DA:130,0
DA:131,0
DA:134,0
DA:141,0
DA:142,0
DA:145,0
DA:146,0
DA:150,0
DA:151,0
DA:152,0
DA:153,0
DA:154,0
DA:155,0
DA:158,0
DA:165,0
DA:166,0
DA:169,0
DA:170,0
DA:174,0
DA:175,0
DA:176,0
DA:177,0
DA:178,0
DA:179,0
DA:180,0
DA:182,0
DA:183,0
DA:185,0
DA:189,0
DA:190,0
DA:191,0
DA:194,0
DA:195,0
DA:196,0
DA:197,0
DA:198,0
DA:200,0
DA:203,0
DA:204,0
DA:206,0
DA:207,0
DA:208,0
DA:211,0
DA:212,0
DA:213,0
DA:214,0
DA:215,0
DA:217,0
DA:219,0
DA:223,0
DA:224,0
DA:225,0
DA:226,0
DA:229,0
DA:230,0
DA:231,0
DA:234,0
DA:235,0
DA:236,0
DA:239,0
DA:240,0
DA:241,0
DA:244,0
DA:245,0
DA:246,0
DA:247,0
DA:248,0
DA:249,0
DA:250,0
DA:252,0
DA:256,0
DA:257,0
DA:258,0
DA:259,0
DA:260,0
DA:261,0
DA:263,0
DA:267,0
DA:271,0
DA:294,0
DA:353,0
DA:370,0
DA:387,0
DA:418,0
DA:423,0
DA:473,0
DA:478,0
DA:484,0
DA:491,0
DA:511,0
DA:516,0
DA:522,0
DA:532,0
DA:547,0
DA:557,0
DA:558,0
DA:572,0
LF:128
LH:0
BRDA:67,0,0,0
BRDA:67,0,1,0
BRDA:73,1,0,0
BRDA:73,1,1,0
BRDA:74,2,0,0
BRDA:74,2,1,0
BRDA:93,3,0,0
BRDA:93,3,1,0
BRDA:97,4,0,0
BRDA:97,4,1,0
BRDA:97,5,0,0
BRDA:97,5,1,0
BRDA:98,6,0,0
BRDA:98,6,1,0
BRDA:129,7,0,0
BRDA:129,7,1,0
BRDA:141,8,0,0
BRDA:141,8,1,0
BRDA:141,9,0,0
BRDA:141,9,1,0
BRDA:153,10,0,0
BRDA:153,10,1,0
BRDA:165,11,0,0
BRDA:165,11,1,0
BRDA:165,12,0,0
BRDA:165,12,1,0
BRDA:191,13,0,0
BRDA:191,13,1,0
BRDA:195,14,0,0
BRDA:195,14,1,0
BRDA:197,15,0,0
BRDA:197,15,1,0
BRDA:204,16,0,0
BRDA:204,16,1,0
BRDA:206,17,0,0
BRDA:206,17,1,0
BRDA:224,18,0,0
BRDA:224,18,1,0
BRDA:224,19,0,0
BRDA:224,19,1,0
BRDA:224,19,2,0
BRDA:229,20,0,0
BRDA:229,20,1,0
BRDA:234,21,0,0
BRDA:234,21,1,0
BRDA:239,22,0,0
BRDA:239,22,1,0
BRDA:252,23,0,0
BRDA:252,23,1,0
BRDA:257,24,0,0
BRDA:257,24,1,0
BRDA:286,25,0,0
BRDA:286,25,1,0
BRDA:290,26,0,0
BRDA:290,26,1,0
BRDA:290,27,0,0
BRDA:290,27,1,0
BRDA:298,28,0,0
BRDA:298,28,1,0
BRDA:298,29,0,0
BRDA:298,29,1,0
BRDA:315,30,0,0
BRDA:315,30,1,0
BRDA:395,31,0,0
BRDA:395,31,1,0
BRDA:405,32,0,0
BRDA:405,32,1,0
BRDA:407,33,0,0
BRDA:407,33,1,0
BRDA:489,34,0,0
BRDA:489,34,1,0
BRDA:497,35,0,0
BRDA:497,35,1,0
BRDA:528,36,0,0
BRDA:528,36,1,0
BRDA:529,37,0,0
BRDA:529,37,1,0
BRDA:539,38,0,0
BRDA:539,38,1,0
BRDA:553,39,0,0
BRDA:553,39,1,0
BRF:81
BRH:0
end_of_record
TN:
SF:app/modal.tsx
FN:7,ModalScreen
FNF:1
FNH:0
FNDA:0,ModalScreen
DA:8,0
DA:18,0
LF:2
LH:0
BRF:0
BRH:0
end_of_record
TN:
SF:app/no-internet.tsx
FN:14,NoInternetScreen
FN:20,(anonymous_1)
FN:25,(anonymous_2)
FNF:3
FNH:0
FNDA:0,NoInternetScreen
FNDA:0,(anonymous_1)
FNDA:0,(anonymous_2)
DA:15,0
DA:16,0
DA:17,0
DA:18,0
DA:20,0
DA:22,0
DA:25,0
DA:27,0
DA:30,0
DA:92,0
LF:10
LH:0
BRDA:18,0,0,0
BRDA:18,0,1,0
BRF:2
BRH:0
end_of_record
TN:
SF:app/settings.tsx
FN:41,SettingsScreen
FN:78,(anonymous_1)
FN:79,(anonymous_2)
FN:83,(anonymous_3)
FN:92,(anonymous_4)
FN:110,(anonymous_5)
FN:167,(anonymous_6)
FN:176,(anonymous_7)
FN:184,(anonymous_8)
FN:211,(anonymous_9)
FN:225,(anonymous_10)
FN:237,(anonymous_11)
FN:243,(anonymous_12)
FN:250,(anonymous_13)
FN:283,(anonymous_14)
FN:327,(anonymous_15)
FN:332,(anonymous_16)
FN:336,(anonymous_17)
FN:343,(anonymous_18)
FN:366,(anonymous_19)
FN:370,(anonymous_20)
FN:377,(anonymous_21)
FNF:22
FNH:0
FNDA:0,SettingsScreen
FNDA:0,(anonymous_1)
FNDA:0,(anonymous_2)
FNDA:0,(anonymous_3)
FNDA:0,(anonymous_4)
FNDA:0,(anonymous_5)
FNDA:0,(anonymous_6)
FNDA:0,(anonymous_7)
FNDA:0,(anonymous_8)
FNDA:0,(anonymous_9)
FNDA:0,(anonymous_10)
FNDA:0,(anonymous_11)
FNDA:0,(anonymous_12)
FNDA:0,(anonymous_13)
FNDA:0,(anonymous_14)
FNDA:0,(anonymous_15)
FNDA:0,(anonymous_16)
FNDA:0,(anonymous_17)
FNDA:0,(anonymous_18)
FNDA:0,(anonymous_19)
FNDA:0,(anonymous_20)
FNDA:0,(anonymous_21)
DA:35,0
DA:42,0
DA:43,0
DA:44,0
DA:45,0
DA:47,0
DA:48,0
DA:60,0
DA:63,0
DA:64,0
DA:67,0
DA:68,0
DA:71,0
DA:72,0
DA:73,0
DA:75,0
DA:78,0
DA:79,0
DA:80,0
DA:83,0
DA:84,0
DA:93,0
DA:94,0
DA:95,0
DA:97,0
DA:99,0
DA:101,0
DA:102,0
DA:110,0
DA:111,0
DA:121,0
DA:167,0
DA:168,0
DA:169,0
DA:170,0
DA:171,0
DA:172,0
DA:176,0
DA:177,0
DA:178,0
DA:179,0
DA:180,0
DA:184,0
DA:185,0
DA:187,0
DA:189,0
DA:190,0
DA:192,0
DA:193,0
DA:195,0
DA:196,0
DA:198,0
DA:199,0
DA:201,0
DA:203,0
DA:211,0
DA:215,0
DA:217,0
DA:221,0
DA:225,0
DA:238,0
DA:244,0
DA:250,0
DA:283,0
DA:327,0
DA:332,0
DA:337,0
DA:344,0
DA:345,0
DA:366,0
DA:370,0
DA:377,0
DA:385,0
LF:73
LH:0
BRDA:45,0,0,0
BRDA:45,0,1,0
BRDA:67,1,0,0
BRDA:67,1,1,0
BRDA:71,2,0,0
BRDA:71,2,1,0
BRDA:71,3,0,0
BRDA:71,3,1,0
BRDA:72,4,0,0
BRDA:72,4,1,0
BRDA:80,5,0,0
BRDA:80,5,1,0
BRDA:85,6,0,0
BRDA:85,6,1,0
BRDA:86,7,0,0
BRDA:86,7,1,0
BRDA:90,8,0,0
BRDA:90,8,1,0
BRDA:94,9,0,0
BRDA:94,9,1,0
BRDA:140,10,0,0
BRDA:140,10,1,0
BRDA:141,11,0,0
BRDA:141,11,1,0
BRDA:168,12,0,0
BRDA:168,12,1,0
BRDA:168,12,2,0
BRDA:168,12,3,0
BRDA:177,13,0,0
BRDA:177,13,1,0
BRDA:177,13,2,0
BRDA:185,14,0,0
BRDA:185,14,1,0
BRDA:187,15,0,0
BRDA:187,15,1,0
BRDA:187,15,2,0
BRDA:187,15,3,0
BRDA:187,15,4,0
BRDA:187,15,5,0
BRDA:198,16,0,0
BRDA:198,16,1,0
BRDA:248,17,0,0
BRDA:248,17,1,0
BRDA:252,18,0,0
BRDA:252,18,1,0
BRDA:256,19,0,0
BRDA:256,19,1,0
BRDA:256,20,0,0
BRDA:256,20,1,0
BRDA:258,21,0,0
BRDA:258,21,1,0
BRDA:258,22,0,0
BRDA:258,22,1,0
BRDA:258,22,2,0
BRDA:258,22,3,0
BRDA:264,23,0,0
BRDA:264,23,1,0
BRDA:264,24,0,0
BRDA:264,24,1,0
BRDA:271,25,0,0
BRDA:271,25,1,0
BRDA:273,26,0,0
BRDA:273,26,1,0
BRDA:280,27,0,0
BRDA:280,27,1,0
BRDA:285,28,0,0
BRDA:285,28,1,0
BRDA:289,29,0,0
BRDA:289,29,1,0
BRDA:294,30,0,0
BRDA:294,30,1,0
BRDA:294,31,0,0
BRDA:294,31,1,0
BRDA:294,31,2,0
BRDA:294,31,3,0
BRDA:308,32,0,0
BRDA:308,32,1,0
BRDA:352,33,0,0
BRDA:352,33,1,0
BRF:79
BRH:0
end_of_record
TN:
SF:app/subscription.tsx
FN:20,SubscriptionScreen
FN:32,(anonymous_1)
FN:39,(anonymous_2)
FN:49,(anonymous_3)
FN:62,(anonymous_4)
FN:80,(anonymous_5)
FN:88,(anonymous_6)
FN:94,(anonymous_7)
FN:149,(anonymous_8)
FN:162,(anonymous_9)
FN:170,(anonymous_10)
FN:223,PlanCard
FN:277,(anonymous_12)
FN:319,FAQItem
FN:325,(anonymous_14)
FNF:15
FNH:0
FNDA:0,SubscriptionScreen
FNDA:0,(anonymous_1)
FNDA:0,(anonymous_2)
FNDA:0,(anonymous_3)
FNDA:0,(anonymous_4)
FNDA:0,(anonymous_5)
FNDA:0,(anonymous_6)
FNDA:0,(anonymous_7)
FNDA:0,(anonymous_8)
FNDA:0,(anonymous_9)
FNDA:0,(anonymous_10)
FNDA:0,PlanCard
FNDA:0,(anonymous_12)
FNDA:0,FAQItem
FNDA:0,(anonymous_14)
DA:21,0
DA:22,0
DA:23,0
DA:24,0
DA:26,0
DA:27,0
DA:29,0
DA:30,0
DA:32,0
DA:33,0
DA:34,0
DA:35,0
DA:36,0
DA:39,0
DA:40,0
DA:41,0
DA:42,0
DA:43,0
DA:44,0
DA:46,0
DA:49,0
DA:50,0
DA:52,0
DA:54,0
DA:63,0
DA:64,0
DA:65,0
DA:70,0
DA:74,0
DA:76,0
DA:77,0
DA:80,0
DA:81,0
DA:82,0
DA:83,0
DA:84,0
DA:85,0
DA:88,0
DA:90,0
DA:94,0
DA:149,0
DA:163,0
DA:170,0
DA:233,0
DA:234,0
DA:235,0
DA:237,0
DA:278,0
DA:320,0
DA:322,0
DA:325,0
DA:343,0
LF:52
LH:0
BRDA:24,0,0,0
BRDA:24,0,1,0
BRDA:33,1,0,0
BRDA:33,1,1,0
BRDA:34,2,0,0
BRDA:34,2,1,0
BRDA:35,3,0,0
BRDA:35,3,1,0
BRDA:40,4,0,0
BRDA:40,4,1,0
BRDA:43,5,0,0
BRDA:43,5,1,0
BRDA:50,6,0,0
BRDA:50,6,1,0
BRDA:52,7,0,0
BRDA:52,7,1,0
BRDA:81,8,0,0
BRDA:81,8,1,0
BRDA:82,9,0,0
BRDA:82,9,1,0
BRDA:83,10,0,0
BRDA:83,10,1,0
BRDA:84,11,0,0
BRDA:84,11,1,0
BRDA:84,12,0,0
BRDA:84,12,1,0
BRDA:107,13,0,0
BRDA:107,13,1,0
BRDA:107,13,2,0
BRDA:118,14,0,0
BRDA:118,14,1,0
BRDA:124,15,0,0
BRDA:124,15,1,0
BRDA:144,16,0,0
BRDA:144,16,1,0
BRDA:149,17,0,0
BRDA:149,17,1,0
BRDA:151,18,0,0
BRDA:151,18,1,0
BRDA:153,19,0,0
BRDA:153,19,1,0
BRDA:167,20,0,0
BRDA:167,20,1,0
BRDA:235,21,0,0
BRDA:235,21,1,0
BRDA:241,22,0,0
BRDA:241,22,1,0
BRDA:242,23,0,0
BRDA:242,23,1,0
BRDA:246,24,0,0
BRDA:246,24,1,0
BRDA:256,25,0,0
BRDA:256,25,1,0
BRDA:256,25,2,0
BRDA:270,26,0,0
BRDA:270,26,1,0
BRDA:280,27,0,0
BRDA:280,27,1,0
BRDA:282,28,0,0
BRDA:282,28,1,0
BRDA:289,29,0,0
BRDA:289,29,1,0
BRDA:300,30,0,0
BRDA:300,30,1,0
BRDA:301,31,0,0
BRDA:301,31,1,0
BRDA:303,32,0,0
BRDA:303,32,1,0
BRDA:331,33,0,0
BRDA:331,33,1,0
BRDA:336,34,0,0
BRDA:336,34,1,0
BRF:72
BRH:0
end_of_record
TN:
SF:app/(tabs)/_layout.tsx
FN:48,TabLayout
FN:60,(anonymous_1)
FN:61,(anonymous_2)
FN:68,(anonymous_3)
FN:88,(anonymous_4)
FNF:5
FNH:0
FNDA:0,TabLayout
FNDA:0,(anonymous_1)
FNDA:0,(anonymous_2)
FNDA:0,(anonymous_3)
FNDA:0,(anonymous_4)
DA:12,0
DA:33,0
DA:49,0
DA:50,0
DA:51,0
DA:52,0
DA:53,0
DA:54,0
DA:57,0
DA:60,0
DA:61,0
DA:68,0
DA:69,0
DA:70,0
DA:74,0
DA:75,0
DA:79,0
DA:81,0
DA:82,0
DA:85,0
DA:88,0
DA:90,0
DA:92,0
DA:93,0
DA:95,0
DA:96,0
DA:98,0
DA:99,0
DA:101,0
DA:102,0
DA:105,0
DA:107,0
DA:111,0
DA:128,0
LF:34
LH:0
BRDA:63,0,0,0
BRDA:63,0,1,0
BRDA:63,1,0,0
BRDA:63,1,1,0
BRDA:70,2,0,0
BRDA:70,2,1,0
BRDA:74,3,0,0
BRDA:74,3,1,0
BRDA:79,4,0,0
BRDA:79,4,1,0
BRDA:79,5,0,0
BRDA:79,5,1,0
BRDA:81,6,0,0
BRDA:81,6,1,0
BRDA:90,7,0,0
BRDA:90,7,1,0
BRDA:90,7,2,0
BRDA:90,7,3,0
BRDA:90,7,4,0
BRDA:90,7,5,0
BRDA:113,8,0,0
BRDA:113,8,1,0
BRDA:120,9,0,0
BRDA:120,9,1,0
BRF:24
BRH:0
end_of_record
TN:
SF:app/(tabs)/index.tsx
FN:28,MyTripsScreen
FN:47,(anonymous_1)
FN:51,(anonymous_2)
FN:55,(anonymous_3)
FN:70,(anonymous_4)
FN:74,(anonymous_5)
FN:82,(anonymous_6)
FN:127,(anonymous_7)
FN:132,(anonymous_8)
FN:226,(anonymous_9)
FN:243,(anonymous_10)
FN:250,(anonymous_11)
FN:258,(anonymous_12)
FN:265,(anonymous_13)
FN:303,(anonymous_14)
FN:313,(anonymous_15)
FN:317,(anonymous_16)
FN:329,(anonymous_17)
FN:335,(anonymous_18)
FNF:19
FNH:2
FNDA:4,MyTripsScreen
FNDA:0,(anonymous_1)
FNDA:0,(anonymous_2)
FNDA:0,(anonymous_3)
FNDA:0,(anonymous_4)
FNDA:0,(anonymous_5)
FNDA:0,(anonymous_6)
FNDA:0,(anonymous_7)
FNDA:0,(anonymous_8)
FNDA:0,(anonymous_9)
FNDA:0,(anonymous_10)
FNDA:0,(anonymous_11)
FNDA:12,(anonymous_12)
FNDA:0,(anonymous_13)
FNDA:0,(anonymous_14)
FNDA:0,(anonymous_15)
FNDA:0,(anonymous_16)
FNDA:0,(anonymous_17)
FNDA:0,(anonymous_18)
DA:26,1
DA:29,4
DA:30,4
DA:31,4
DA:32,4
DA:33,4
DA:35,4
DA:36,4
DA:38,4
DA:39,4
DA:40,4
DA:41,4
DA:42,4
DA:45,4
DA:47,4
DA:48,0
DA:49,0
DA:51,0
DA:52,0
DA:55,4
DA:56,0
DA:57,0
DA:58,0
DA:60,0
DA:62,0
DA:64,0
DA:66,0
DA:70,4
DA:71,0
DA:74,4
DA:75,0
DA:76,0
DA:77,0
DA:79,0
DA:82,4
DA:83,0
DA:85,0
DA:86,0
DA:87,0
DA:90,0
DA:91,0
DA:92,0
DA:93,0
DA:96,0
DA:97,0
DA:99,0
DA:101,0
DA:102,0
DA:103,0
DA:107,0
DA:108,0
DA:109,0
DA:113,0
DA:114,0
DA:115,0
DA:119,0
DA:122,0
DA:124,0
DA:128,0
DA:129,0
DA:130,0
DA:133,0
DA:134,0
DA:138,0
DA:140,0
DA:145,4
DA:146,0
DA:187,4
DA:188,0
DA:201,4
DA:226,0
DA:243,0
DA:250,0
DA:259,12
DA:265,0
DA:303,0
DA:314,0
DA:317,0
DA:329,0
DA:335,0
DA:389,1
LF:81
LH:24
BRDA:32,0,0,0
BRDA:32,0,1,4
BRDA:60,1,0,0
BRDA:60,1,1,0
BRDA:60,1,2,0
BRDA:75,2,0,0
BRDA:75,2,1,0
BRDA:85,3,0,0
BRDA:85,3,1,0
BRDA:90,4,0,0
BRDA:90,4,1,0
BRDA:90,5,0,0
BRDA:90,5,1,0
BRDA:101,6,0,0
BRDA:101,6,1,0
BRDA:107,7,0,0
BRDA:107,7,1,0
BRDA:113,8,0,0
BRDA:113,8,1,0
BRDA:138,9,0,0
BRDA:138,9,1,0
BRDA:145,10,0,0
BRDA:145,10,1,4
BRDA:145,11,0,4
BRDA:145,11,1,0
BRDA:187,12,0,0
BRDA:187,12,1,4
BRDA:193,13,0,0
BRDA:193,13,1,0
BRDA:207,14,0,2
BRDA:207,14,1,2
BRDA:210,15,0,2
BRDA:210,15,1,2
BRDA:210,16,0,2
BRDA:210,16,1,0
BRDA:263,17,0,12
BRDA:263,17,1,4
BRDA:270,18,0,4
BRDA:270,18,1,8
BRDA:288,19,0,4
BRDA:288,19,1,0
BRDA:289,20,0,2
BRDA:289,20,1,2
BRDA:359,21,0,0
BRDA:359,21,1,4
BRDA:363,22,0,0
BRDA:363,22,1,4
BRF:47
BRH:18
end_of_record
TN:
SF:app/(tabs)/notifications.tsx
FN:24,(anonymous_0)
FN:51,(anonymous_1)
FN:77,(anonymous_2)
FN:99,NotificationItem
FN:116,(anonymous_4)
FN:167,(anonymous_5)
FN:177,NotificationsScreen
FN:200,(anonymous_7)
FN:247,(anonymous_8)
FN:336,(anonymous_9)
FNF:10
FNH:0
FNDA:0,(anonymous_0)
FNDA:0,(anonymous_1)
FNDA:0,(anonymous_2)
FNDA:0,NotificationItem
FNDA:0,(anonymous_4)
FNDA:0,(anonymous_5)
FNDA:0,NotificationsScreen
FNDA:0,(anonymous_7)
FNDA:0,(anonymous_8)
FNDA:0,(anonymous_9)
DA:22,0
DA:24,0
DA:25,0
DA:28,0
DA:30,0
DA:32,0
DA:34,0
DA:37,0
DA:40,0
DA:42,0
DA:44,0
DA:47,0
DA:51,0
DA:52,0
DA:56,0
DA:58,0
DA:60,0
DA:63,0
DA:66,0
DA:68,0
DA:70,0
DA:73,0
DA:77,0
DA:78,0
DA:79,0
DA:80,0
DA:81,0
DA:82,0
DA:84,0
DA:85,0
DA:86,0
DA:87,0
DA:89,0
DA:100,0
DA:102,0
DA:116,0
DA:167,0
DA:178,0
DA:179,0
DA:180,0
DA:181,0
DA:182,0
DA:185,0
DA:198,0
DA:200,0
DA:201,0
DA:202,0
DA:205,0
DA:208,0
DA:209,0
DA:211,0
DA:215,0
DA:216,0
DA:218,0
DA:222,0
DA:223,0
DA:224,0
DA:225,0
DA:227,0
DA:230,0
DA:231,0
DA:233,0
DA:237,0
DA:238,0
DA:240,0
DA:243,0
DA:247,0
DA:248,0
DA:249,0
DA:251,0
DA:255,0
DA:256,0
DA:272,0
DA:273,0
DA:289,0
DA:337,0
DA:352,0
LF:77
LH:0
BRDA:25,0,0,0
BRDA:25,0,1,0
BRDA:25,0,2,0
BRDA:25,0,3,0
BRDA:25,0,4,0
BRDA:25,0,5,0
BRDA:25,0,6,0
BRDA:25,0,7,0
BRDA:25,0,8,0
BRDA:25,0,9,0
BRDA:25,0,10,0
BRDA:25,0,11,0
BRDA:25,0,12,0
BRDA:52,1,0,0
BRDA:52,1,1,0
BRDA:52,1,2,0
BRDA:52,1,3,0
BRDA:52,1,4,0
BRDA:52,1,5,0
BRDA:52,1,6,0
BRDA:52,1,7,0
BRDA:52,1,8,0
BRDA:52,1,9,0
BRDA:52,1,10,0
BRDA:52,1,11,0
BRDA:52,1,12,0
BRDA:84,2,0,0
BRDA:84,2,1,0
BRDA:85,3,0,0
BRDA:85,3,1,0
BRDA:86,4,0,0
BRDA:86,4,1,0
BRDA:87,5,0,0
BRDA:87,5,1,0
BRDA:112,6,0,0
BRDA:112,6,1,0
BRDA:134,7,0,0
BRDA:134,7,1,0
BRDA:141,8,0,0
BRDA:141,8,1,0
BRDA:157,9,0,0
BRDA:157,9,1,0
BRDA:181,10,0,0
BRDA:181,10,1,0
BRDA:201,11,0,0
BRDA:201,11,1,0
BRDA:205,12,0,0
BRDA:205,12,1,0
BRDA:205,12,2,0
BRDA:205,12,3,0
BRDA:205,12,4,0
BRDA:205,12,5,0
BRDA:205,12,6,0
BRDA:205,12,7,0
BRDA:205,12,8,0
BRDA:205,12,9,0
BRDA:208,13,0,0
BRDA:208,13,1,0
BRDA:215,14,0,0
BRDA:215,14,1,0
BRDA:222,15,0,0
BRDA:222,15,1,0
BRDA:222,16,0,0
BRDA:222,16,1,0
BRDA:224,17,0,0
BRDA:224,17,1,0
BRDA:230,18,0,0
BRDA:230,18,1,0
BRDA:237,19,0,0
BRDA:237,19,1,0
BRDA:255,20,0,0
BRDA:255,20,1,0
BRDA:255,21,0,0
BRDA:255,21,1,0
BRDA:272,22,0,0
BRDA:272,22,1,0
BRDA:272,23,0,0
BRDA:272,23,1,0
BRDA:281,24,0,0
BRDA:281,24,1,0
BRDA:294,25,0,0
BRDA:294,25,1,0
BRDA:300,26,0,0
BRDA:300,26,1,0
BRDA:302,27,0,0
BRDA:302,27,1,0
BRDA:328,28,0,0
BRDA:328,28,1,0
BRF:88
BRH:0
end_of_record
TN:
SF:app/(tabs)/profile.tsx
FN:58,ProfileScreen
FN:76,(anonymous_1)
FN:87,(anonymous_2)
FN:92,(anonymous_3)
FN:107,(anonymous_4)
FN:114,(anonymous_5)
FN:121,(anonymous_6)
FN:128,(anonymous_7)
FN:132,(anonymous_8)
FN:141,(anonymous_9)
FN:216,(anonymous_10)
FN:228,(anonymous_11)
FN:255,(anonymous_12)
FN:270,(anonymous_13)
FN:288,(anonymous_14)
FN:307,(anonymous_15)
FN:339,(anonymous_16)
FN:369,(anonymous_17)
FN:373,(anonymous_18)
FNF:19
FNH:0
FNDA:0,ProfileScreen
FNDA:0,(anonymous_1)
FNDA:0,(anonymous_2)
FNDA:0,(anonymous_3)
FNDA:0,(anonymous_4)
FNDA:0,(anonymous_5)
FNDA:0,(anonymous_6)
FNDA:0,(anonymous_7)
FNDA:0,(anonymous_8)
FNDA:0,(anonymous_9)
FNDA:0,(anonymous_10)
FNDA:0,(anonymous_11)
FNDA:0,(anonymous_12)
FNDA:0,(anonymous_13)
FNDA:0,(anonymous_14)
FNDA:0,(anonymous_15)
FNDA:0,(anonymous_16)
FNDA:0,(anonymous_17)
FNDA:0,(anonymous_18)
DA:25,0
DA:28,0
DA:59,0
DA:60,0
DA:61,0
DA:62,0
DA:63,0
DA:66,0
DA:68,0
DA:69,0
DA:70,0
DA:73,0
DA:76,0
DA:77,0
DA:81,0
DA:85,0
DA:87,0
DA:92,0
DA:93,0
DA:94,0
DA:95,0
DA:96,0
DA:98,0
DA:101,0
DA:107,0
DA:114,0
DA:121,0
DA:128,0
DA:132,0
DA:133,0
DA:142,0
DA:143,0
DA:144,0
DA:145,0
DA:147,0
DA:155,0
DA:156,0
DA:198,0
DA:199,0
DA:217,0
DA:218,0
DA:220,0
DA:229,0
DA:230,0
DA:240,0
DA:255,0
DA:270,0
DA:289,0
DA:307,0
DA:340,0
DA:370,0
DA:373,0
DA:406,0
LF:53
LH:0
BRDA:62,0,0,0
BRDA:62,0,1,0
BRDA:81,1,0,0
BRDA:81,1,1,0
BRDA:85,2,0,0
BRDA:85,2,1,0
BRDA:93,3,0,0
BRDA:93,3,1,0
BRDA:95,4,0,0
BRDA:95,4,1,0
BRDA:155,5,0,0
BRDA:155,5,1,0
BRDA:198,6,0,0
BRDA:198,6,1,0
BRDA:198,7,0,0
BRDA:198,7,1,0
BRDA:207,8,0,0
BRDA:207,8,1,0
BRDA:210,9,0,0
BRDA:210,9,1,0
BRDA:217,10,0,0
BRDA:217,10,1,0
BRDA:224,11,0,0
BRDA:224,11,1,0
BRDA:251,12,0,0
BRDA:251,12,1,0
BRDA:251,13,0,0
BRDA:251,13,1,0
BRDA:259,14,0,0
BRDA:259,14,1,0
BRDA:259,15,0,0
BRDA:259,15,1,0
BRDA:297,16,0,0
BRDA:297,16,1,0
BRDA:317,17,0,0
BRDA:317,17,1,0
BRDA:322,18,0,0
BRDA:322,18,1,0
BRDA:324,19,0,0
BRDA:324,19,1,0
BRDA:326,20,0,0
BRDA:326,20,1,0
BRDA:359,21,0,0
BRDA:359,21,1,0
BRF:44
BRH:0
end_of_record
TN:
SF:app/auth/_layout.tsx
FN:3,AuthLayout
FNF:1
FNH:0
FNDA:0,AuthLayout
DA:4,0
LF:1
LH:0
BRF:0
BRH:0
end_of_record
TN:
SF:app/auth/forgot-password.tsx
FN:21,ForgotPasswordScreen
FN:33,(anonymous_1)
FN:72,(anonymous_2)
FN:78,(anonymous_3)
FN:127,(anonymous_4)
FN:149,(anonymous_5)
FNF:6
FNH:0
FNDA:0,ForgotPasswordScreen
FNDA:0,(anonymous_1)
FNDA:0,(anonymous_2)
FNDA:0,(anonymous_3)
FNDA:0,(anonymous_4)
FNDA:0,(anonymous_5)
DA:22,0
DA:23,0
DA:24,0
DA:25,0
DA:26,0
DA:28,0
DA:29,0
DA:30,0
DA:31,0
DA:33,0
DA:34,0
DA:35,0
DA:36,0
DA:39,0
DA:40,0
DA:41,0
DA:42,0
DA:45,0
DA:46,0
DA:47,0
DA:48,0
DA:49,0
DA:51,0
DA:52,0
DA:54,0
DA:58,0
DA:59,0
DA:72,0
DA:78,0
DA:90,0
DA:128,0
DA:129,0
DA:149,0
DA:163,0
LF:34
LH:0
BRDA:25,0,0,0
BRDA:25,0,1,0
BRDA:34,1,0,0
BRDA:34,1,1,0
BRDA:40,2,0,0
BRDA:40,2,1,0
BRDA:41,3,0,0
BRDA:41,3,1,0
BRDA:52,4,0,0
BRDA:52,4,1,0
BRDA:58,5,0,0
BRDA:58,5,1,0
BRDA:93,6,0,0
BRDA:93,6,1,0
BRF:14
BRH:0
end_of_record
TN:
SF:app/auth/index.tsx
FN:19,SplashScreen
FN:34,(anonymous_1)
FN:70,(anonymous_2)
FN:74,(anonymous_3)
FN:82,(anonymous_4)
FN:171,FeatureItem
FNF:6
FNH:0
FNDA:0,SplashScreen
FNDA:0,(anonymous_1)
FNDA:0,(anonymous_2)
FNDA:0,(anonymous_3)
FNDA:0,(anonymous_4)
FNDA:0,FeatureItem
DA:20,0
DA:21,0
DA:22,0
DA:23,0
DA:31,0
DA:34,0
DA:35,0
DA:37,0
DA:38,0
DA:39,0
DA:43,0
DA:44,0
DA:45,0
DA:47,0
DA:49,0
DA:53,0
DA:54,0
DA:55,0
DA:61,0
DA:62,0
DA:66,0
DA:67,0
DA:70,0
DA:71,0
DA:74,0
DA:75,0
DA:83,0
DA:84,0
DA:91,0
DA:172,0
DA:187,0
LF:31
LH:0
BRDA:23,0,0,0
BRDA:23,0,1,0
BRDA:35,1,0,0
BRDA:35,1,1,0
BRDA:37,2,0,0
BRDA:37,2,1,0
BRDA:43,3,0,0
BRDA:43,3,1,0
BRDA:44,4,0,0
BRDA:44,4,1,0
BRDA:53,5,0,0
BRDA:53,5,1,0
BRDA:61,6,0,0
BRDA:61,6,1,0
BRDA:66,7,0,0
BRDA:66,7,1,0
BRDA:66,8,0,0
BRDA:66,8,1,0
BRF:18
BRH:0
end_of_record
TN:
SF:app/auth/login.tsx
FN:37,LoginScreen
FN:68,(anonymous_1)
FN:73,(anonymous_2)
FN:75,(anonymous_3)
FN:76,(anonymous_4)
FN:85,(anonymous_5)
FN:89,(anonymous_6)
FN:100,(anonymous_7)
FN:102,(anonymous_8)
FN:107,(anonymous_9)
FN:109,(anonymous_10)
FN:116,(anonymous_11)
FN:123,(anonymous_12)
FN:124,(anonymous_13)
FN:128,(anonymous_14)
FN:131,(anonymous_15)
FN:133,(anonymous_16)
FN:140,(anonymous_17)
FN:141,(anonymous_18)
FN:143,(anonymous_19)
FN:147,(anonymous_20)
FN:155,(anonymous_21)
FN:197,(anonymous_22)
FN:212,(anonymous_23)
FN:227,(anonymous_24)
FN:231,(anonymous_25)
FN:239,(anonymous_26)
FN:248,(anonymous_27)
FN:320,(anonymous_28)
FN:365,(anonymous_29)
FNF:30
FNH:0
FNDA:0,LoginScreen
FNDA:0,(anonymous_1)
FNDA:0,(anonymous_2)
FNDA:0,(anonymous_3)
FNDA:0,(anonymous_4)
FNDA:0,(anonymous_5)
FNDA:0,(anonymous_6)
FNDA:0,(anonymous_7)
FNDA:0,(anonymous_8)
FNDA:0,(anonymous_9)
FNDA:0,(anonymous_10)
FNDA:0,(anonymous_11)
FNDA:0,(anonymous_12)
FNDA:0,(anonymous_13)
FNDA:0,(anonymous_14)
FNDA:0,(anonymous_15)
FNDA:0,(anonymous_16)
FNDA:0,(anonymous_17)
FNDA:0,(anonymous_18)
FNDA:0,(anonymous_19)
FNDA:0,(anonymous_20)
FNDA:0,(anonymous_21)
FNDA:0,(anonymous_22)
FNDA:0,(anonymous_23)
FNDA:0,(anonymous_24)
FNDA:0,(anonymous_25)
FNDA:0,(anonymous_26)
FNDA:0,(anonymous_27)
FNDA:0,(anonymous_28)
FNDA:0,(anonymous_29)
DA:38,0
DA:39,0
DA:40,0
DA:41,0
DA:43,0
DA:45,0
DA:46,0
DA:47,0
DA:48,0
DA:49,0
DA:52,0
DA:57,0
DA:58,0
DA:62,0
DA:68,0
DA:69,0
DA:73,0
DA:74,0
DA:75,0
DA:76,0
DA:77,0
DA:78,0
DA:79,0
DA:80,0
DA:82,0
DA:85,0
DA:89,0
DA:90,0
DA:91,0
DA:92,0
DA:93,0
DA:95,0
DA:100,0
DA:101,0
DA:102,0
DA:103,0
DA:105,0
DA:106,0
DA:107,0
DA:109,0
DA:110,0
DA:111,0
DA:116,0
DA:117,0
DA:118,0
DA:119,0
DA:123,0
DA:124,0
DA:125,0
DA:128,0
DA:129,0
DA:130,0
DA:131,0
DA:133,0
DA:134,0
DA:135,0
DA:140,0
DA:141,0
DA:142,0
DA:143,0
DA:147,0
DA:148,0
DA:149,0
DA:151,0
DA:155,0
DA:157,0
DA:158,0
DA:159,0
DA:160,0
DA:161,0
DA:165,0
DA:170,0
DA:171,0
DA:172,0
DA:175,0
DA:176,0
DA:177,0
DA:179,0
DA:180,0
DA:183,0
DA:185,0
DA:186,0
DA:187,0
DA:191,0
DA:194,0
DA:195,0
DA:197,0
DA:200,0
DA:208,0
DA:212,0
DA:213,0
DA:214,0
DA:215,0
DA:216,0
DA:218,0
DA:223,0
DA:227,0
DA:228,0
DA:231,0
DA:232,0
DA:240,0
DA:241,0
DA:248,0
DA:249,0
DA:250,0
DA:251,0
DA:254,0
DA:320,0
DA:365,0
DA:389,0
LF:110
LH:0
BRDA:41,0,0,0
BRDA:41,0,1,0
BRDA:62,1,0,0
BRDA:62,1,1,0
BRDA:62,1,2,0
BRDA:62,1,3,0
BRDA:74,2,0,0
BRDA:74,2,1,0
BRDA:77,3,0,0
BRDA:77,3,1,0
BRDA:91,4,0,0
BRDA:91,4,1,0
BRDA:91,5,0,0
BRDA:91,5,1,0
BRDA:101,6,0,0
BRDA:101,6,1,0
BRDA:106,7,0,0
BRDA:106,7,1,0
BRDA:118,8,0,0
BRDA:118,8,1,0
BRDA:130,9,0,0
BRDA:130,9,1,0
BRDA:130,10,0,0
BRDA:130,10,1,0
BRDA:142,11,0,0
BRDA:142,11,1,0
BRDA:148,12,0,0
BRDA:148,12,1,0
BRDA:158,13,0,0
BRDA:158,13,1,0
BRDA:160,14,0,0
BRDA:160,14,1,0
BRDA:170,15,0,0
BRDA:170,15,1,0
BRDA:185,16,0,0
BRDA:185,16,1,0
BRDA:187,17,0,0
BRDA:187,17,1,0
BRDA:191,18,0,0
BRDA:191,18,1,0
BRDA:194,19,0,0
BRDA:194,19,1,0
BRDA:202,20,0,0
BRDA:202,20,1,0
BRDA:220,21,0,0
BRDA:220,21,1,0
BRDA:257,22,0,0
BRDA:257,22,1,0
BRDA:279,23,0,0
BRDA:279,23,1,0
BRDA:331,24,0,0
BRDA:331,24,1,0
BRDA:334,25,0,0
BRDA:334,25,1,0
BRDA:334,25,2,0
BRDA:350,26,0,0
BRDA:350,26,1,0
BRF:57
BRH:0
end_of_record
TN:
SF:app/auth/onboarding.tsx
FN:45,OnboardingScreen
FN:63,(anonymous_1)
FN:73,(anonymous_2)
FN:79,(anonymous_3)
FN:94,(anonymous_4)
FN:113,(anonymous_5)
FN:131,(anonymous_6)
FN:143,(anonymous_7)
FN:158,(anonymous_8)
FN:192,(anonymous_9)
FN:203,(anonymous_10)
FN:292,(anonymous_11)
FN:306,(anonymous_12)
FN:344,(anonymous_13)
FN:358,(anonymous_14)
FN:394,(anonymous_15)
FNF:16
FNH:0
FNDA:0,OnboardingScreen
FNDA:0,(anonymous_1)
FNDA:0,(anonymous_2)
FNDA:0,(anonymous_3)
FNDA:0,(anonymous_4)
FNDA:0,(anonymous_5)
FNDA:0,(anonymous_6)
FNDA:0,(anonymous_7)
FNDA:0,(anonymous_8)
FNDA:0,(anonymous_9)
FNDA:0,(anonymous_10)
FNDA:0,(anonymous_11)
FNDA:0,(anonymous_12)
FNDA:0,(anonymous_13)
FNDA:0,(anonymous_14)
FNDA:0,(anonymous_15)
DA:24,0
DA:34,0
DA:46,0
DA:47,0
DA:48,0
DA:49,0
DA:50,0
DA:52,0
DA:53,0
DA:54,0
DA:55,0
DA:56,0
DA:57,0
DA:58,0
DA:60,0
DA:63,0
DA:64,0
DA:65,0
DA:66,0
DA:67,0
DA:69,0
DA:73,0
DA:74,0
DA:75,0
DA:79,0
DA:80,0
DA:81,0
DA:83,0
DA:84,0
DA:86,0
DA:87,0
DA:89,0
DA:90,0
DA:94,0
DA:95,0
DA:96,0
DA:97,0
DA:98,0
DA:101,0
DA:108,0
DA:109,0
DA:113,0
DA:114,0
DA:115,0
DA:116,0
DA:117,0
DA:120,0
DA:126,0
DA:127,0
DA:131,0
DA:132,0
DA:143,0
DA:144,0
DA:145,0
DA:146,0
DA:147,0
DA:149,0
DA:150,0
DA:153,0
DA:154,0
DA:158,0
DA:159,0
DA:160,0
DA:162,0
DA:163,0
DA:164,0
DA:165,0
DA:167,0
DA:173,0
DA:181,0
DA:183,0
DA:185,0
DA:186,0
DA:188,0
DA:192,0
DA:193,0
DA:195,0
DA:196,0
DA:199,0
DA:203,0
DA:204,0
DA:206,0
DA:231,0
DA:279,0
DA:293,0
DA:306,0
DA:331,0
DA:345,0
DA:358,0
DA:373,0
DA:377,0
DA:395,0
DA:428,0
LF:93
LH:0
BRDA:49,0,0,0
BRDA:49,0,1,0
BRDA:65,1,0,0
BRDA:65,1,1,0
BRDA:67,2,0,0
BRDA:67,2,1,0
BRDA:67,3,0,0
BRDA:67,3,1,0
BRDA:80,4,0,0
BRDA:80,4,1,0
BRDA:83,5,0,0
BRDA:83,5,1,0
BRDA:86,6,0,0
BRDA:86,6,1,0
BRDA:89,7,0,0
BRDA:89,7,1,0
BRDA:96,8,0,0
BRDA:96,8,1,0
BRDA:108,9,0,0
BRDA:108,9,1,0
BRDA:108,10,0,0
BRDA:108,10,1,0
BRDA:115,11,0,0
BRDA:115,11,1,0
BRDA:126,12,0,0
BRDA:126,12,1,0
BRDA:126,13,0,0
BRDA:126,13,1,0
BRDA:144,14,0,0
BRDA:144,14,1,0
BRDA:145,15,0,0
BRDA:145,15,1,0
BRDA:149,16,0,0
BRDA:149,16,1,0
BRDA:153,17,0,0
BRDA:153,17,1,0
BRDA:163,18,0,0
BRDA:163,18,1,0
BRDA:163,19,0,0
BRDA:163,19,1,0
BRDA:177,20,0,0
BRDA:177,20,1,0
BRDA:204,21,0,0
BRDA:204,21,1,0
BRDA:204,21,2,0
BRDA:204,21,3,0
BRDA:204,21,4,0
BRDA:243,22,0,0
BRDA:243,22,1,0
BRDA:248,23,0,0
BRDA:248,23,1,0
BRDA:260,24,0,0
BRDA:260,24,1,0
BRDA:298,25,0,0
BRDA:298,25,1,0
BRDA:301,26,0,0
BRDA:301,26,1,0
BRDA:321,27,0,0
BRDA:321,27,1,0
BRDA:350,28,0,0
BRDA:350,28,1,0
BRDA:353,29,0,0
BRDA:353,29,1,0
BRDA:363,30,0,0
BRDA:363,30,1,0
BRDA:380,31,0,0
BRDA:380,31,1,0
BRDA:400,32,0,0
BRDA:400,32,1,0
BRDA:401,33,0,0
BRDA:401,33,1,0
BRDA:414,34,0,0
BRDA:414,34,1,0
BRDA:415,35,0,0
BRDA:415,35,1,0
BRDA:417,36,0,0
BRDA:417,36,1,0
BRDA:417,36,2,0
BRDA:420,37,0,0
BRDA:420,37,1,0
BRF:80
BRH:0
end_of_record
TN:
SF:app/auth/signup.tsx
FN:34,SignupScreen
FN:78,(anonymous_1)
FN:82,(anonymous_2)
FN:84,(anonymous_3)
FN:92,(anonymous_4)
FN:98,(anonymous_5)
FN:100,(anonymous_6)
FN:109,(anonymous_7)
FN:111,(anonymous_8)
FN:116,(anonymous_9)
FN:126,(anonymous_10)
FN:132,(anonymous_11)
FN:139,(anonymous_12)
FN:140,(anonymous_13)
FN:149,(anonymous_14)
FN:162,(anonymous_15)
FN:172,(anonymous_16)
FN:173,(anonymous_17)
FN:177,(anonymous_18)
FN:184,(anonymous_19)
FN:185,(anonymous_20)
FN:189,(anonymous_21)
FN:198,(anonymous_22)
FN:243,(anonymous_23)
FN:258,(anonymous_24)
FN:262,(anonymous_25)
FN:403,(anonymous_26)
FNF:27
FNH:0
FNDA:0,SignupScreen
FNDA:0,(anonymous_1)
FNDA:0,(anonymous_2)
FNDA:0,(anonymous_3)
FNDA:0,(anonymous_4)
FNDA:0,(anonymous_5)
FNDA:0,(anonymous_6)
FNDA:0,(anonymous_7)
FNDA:0,(anonymous_8)
FNDA:0,(anonymous_9)
FNDA:0,(anonymous_10)
FNDA:0,(anonymous_11)
FNDA:0,(anonymous_12)
FNDA:0,(anonymous_13)
FNDA:0,(anonymous_14)
FNDA:0,(anonymous_15)
FNDA:0,(anonymous_16)
FNDA:0,(anonymous_17)
FNDA:0,(anonymous_18)
FNDA:0,(anonymous_19)
FNDA:0,(anonymous_20)
FNDA:0,(anonymous_21)
FNDA:0,(anonymous_22)
FNDA:0,(anonymous_23)
FNDA:0,(anonymous_24)
FNDA:0,(anonymous_25)
FNDA:0,(anonymous_26)
DA:35,0
DA:36,0
DA:37,0
DA:38,0
DA:40,0
DA:43,0
DA:44,0
DA:45,0
DA:46,0
DA:47,0
DA:48,0
DA:51,0
DA:56,0
DA:63,0
DA:71,0
DA:78,0
DA:79,0
DA:80,0
DA:81,0
DA:82,0
DA:84,0
DA:85,0
DA:86,0
DA:92,0
DA:93,0
DA:94,0
DA:96,0
DA:97,0
DA:98,0
DA:100,0
DA:101,0
DA:102,0
DA:108,0
DA:110,0
DA:111,0
DA:116,0
DA:117,0
DA:118,0
DA:126,0
DA:127,0
DA:128,0
DA:132,0
DA:133,0
DA:134,0
DA:135,0
DA:139,0
DA:140,0
DA:141,0
DA:144,0
DA:145,0
DA:146,0
DA:147,0
DA:148,0
DA:149,0
DA:157,0
DA:162,0
DA:163,0
DA:164,0
DA:165,0
DA:168,0
DA:172,0
DA:173,0
DA:174,0
DA:177,0
DA:178,0
DA:179,0
DA:180,0
DA:184,0
DA:185,0
DA:186,0
DA:189,0
DA:191,0
DA:192,0
DA:194,0
DA:198,0
DA:200,0
DA:206,0
DA:207,0
DA:208,0
DA:212,0
DA:213,0
DA:214,0
DA:215,0
DA:216,0
DA:219,0
DA:220,0
DA:225,0
DA:228,0
DA:229,0
DA:231,0
DA:232,0
DA:234,0
DA:239,0
DA:243,0
DA:244,0
DA:245,0
DA:246,0
DA:247,0
DA:249,0
DA:254,0
DA:258,0
DA:259,0
DA:262,0
DA:263,0
DA:265,0
DA:267,0
DA:269,0
DA:271,0
DA:275,0
DA:403,0
DA:415,0
LF:111
LH:0
BRDA:38,0,0,0
BRDA:38,0,1,0
BRDA:71,1,0,0
BRDA:71,1,1,0
BRDA:71,1,2,0
BRDA:71,1,3,0
BRDA:71,1,4,0
BRDA:79,2,0,0
BRDA:79,2,1,0
BRDA:81,3,0,0
BRDA:81,3,1,0
BRDA:97,4,0,0
BRDA:97,4,1,0
BRDA:110,5,0,0
BRDA:110,5,1,0
BRDA:110,6,0,0
BRDA:110,6,1,0
BRDA:127,7,0,0
BRDA:127,7,1,0
BRDA:127,8,0,0
BRDA:127,8,1,0
BRDA:134,9,0,0
BRDA:134,9,1,0
BRDA:144,10,0,0
BRDA:144,10,1,0
BRDA:144,11,0,0
BRDA:144,11,1,0
BRDA:148,12,0,0
BRDA:148,12,1,0
BRDA:164,13,0,0
BRDA:164,13,1,0
BRDA:179,14,0,0
BRDA:179,14,1,0
BRDA:191,15,0,0
BRDA:191,15,1,0
BRDA:206,16,0,0
BRDA:206,16,1,0
BRDA:215,17,0,0
BRDA:215,17,1,0
BRDA:236,18,0,0
BRDA:236,18,1,0
BRDA:251,19,0,0
BRDA:251,19,1,0
BRDA:263,20,0,0
BRDA:263,20,1,0
BRDA:263,20,2,0
BRDA:263,20,3,0
BRDA:278,21,0,0
BRDA:278,21,1,0
BRDA:329,22,0,0
BRDA:329,22,1,0
BRDA:350,23,0,0
BRDA:350,23,1,0
BRDA:350,23,2,0
BRDA:372,24,0,0
BRDA:372,24,1,0
BRDA:373,25,0,0
BRDA:373,25,1,0
BRDA:373,25,2,0
BRDA:389,26,0,0
BRDA:389,26,1,0
BRF:61
BRH:0
end_of_record
TN:
SF:app/auth/walkthrough.tsx
FN:64,shuffleArray
FN:73,WalkthroughScreen
FN:85,(anonymous_2)
FN:87,(anonymous_3)
FN:94,(anonymous_4)
FN:100,(anonymous_5)
FN:113,(anonymous_6)
FN:117,(anonymous_7)
FN:126,(anonymous_8)
FN:145,(anonymous_9)
FN:147,(anonymous_10)
FN:199,(anonymous_11)
FN:207,(anonymous_12)
FNF:13
FNH:0
FNDA:0,shuffleArray
FNDA:0,WalkthroughScreen
FNDA:0,(anonymous_2)
FNDA:0,(anonymous_3)
FNDA:0,(anonymous_4)
FNDA:0,(anonymous_5)
FNDA:0,(anonymous_6)
FNDA:0,(anonymous_7)
FNDA:0,(anonymous_8)
FNDA:0,(anonymous_9)
FNDA:0,(anonymous_10)
FNDA:0,(anonymous_11)
FNDA:0,(anonymous_12)
DA:21,0
DA:32,0
DA:40,0
DA:65,0
DA:66,0
DA:67,0
DA:68,0
DA:70,0
DA:74,0
DA:75,0
DA:76,0
DA:77,0
DA:78,0
DA:80,0
DA:81,0
DA:82,0
DA:85,0
DA:86,0
DA:87,0
DA:94,0
DA:95,0
DA:97,0
DA:100,0
DA:101,0
DA:102,0
DA:103,0
DA:109,0
DA:113,0
DA:114,0
DA:117,0
DA:118,0
DA:119,0
DA:120,0
DA:121,0
DA:126,0
DA:127,0
DA:145,0
DA:146,0
DA:148,0
DA:150,0
DA:156,0
DA:162,0
DA:179,0
DA:199,0
DA:207,0
DA:246,0
LF:46
LH:0
BRDA:77,0,0,0
BRDA:77,0,1,0
BRDA:101,1,0,0
BRDA:101,1,1,0
BRDA:118,2,0,0
BRDA:118,2,1,0
BRDA:118,3,0,0
BRDA:118,3,1,0
BRDA:119,4,0,0
BRDA:119,4,1,0
BRDA:120,5,0,0
BRDA:120,5,1,0
BRDA:229,6,0,0
BRDA:229,6,1,0
BRDA:234,7,0,0
BRDA:234,7,1,0
BRF:16
BRH:0
end_of_record
TN:
SF:app/trips/_layout.tsx
FN:7,TripsLayout
FNF:1
FNH:0
FNDA:0,TripsLayout
DA:8,0
DA:9,0
DA:10,0
DA:13,0
DA:16,0
DA:17,0
DA:21,0
DA:23,0
DA:24,0
DA:27,0
DA:30,0
LF:11
LH:0
BRDA:10,0,0,0
BRDA:10,0,1,0
BRDA:16,1,0,0
BRDA:16,1,1,0
BRDA:21,2,0,0
BRDA:21,2,1,0
BRDA:21,3,0,0
BRDA:21,3,1,0
BRDA:23,4,0,0
BRDA:23,4,1,0
BRF:10
BRH:0
end_of_record
TN:
SF:app/trips/create.tsx
FN:82,(anonymous_0)
FN:91,(anonymous_1)
FN:166,CreateTripScreen
FN:176,(anonymous_3)
FN:215,(anonymous_4)
FN:224,(anonymous_5)
FN:234,(anonymous_6)
FN:268,(anonymous_7)
FN:277,(anonymous_8)
FN:308,(anonymous_9)
FN:323,(anonymous_10)
FN:331,(anonymous_11)
FN:349,(anonymous_12)
FN:350,(anonymous_13)
FN:353,(anonymous_14)
FN:418,(anonymous_15)
FN:428,(anonymous_16)
FN:446,(anonymous_17)
FN:449,(anonymous_18)
FN:467,(anonymous_19)
FN:468,(anonymous_20)
FN:468,(anonymous_21)
FN:473,(anonymous_22)
FN:490,(anonymous_23)
FN:491,(anonymous_24)
FN:494,(anonymous_25)
FN:502,(anonymous_26)
FN:549,(anonymous_27)
FN:562,(anonymous_28)
FN:583,(anonymous_29)
FN:596,(anonymous_30)
FN:623,(anonymous_31)
FN:637,(anonymous_32)
FN:659,(anonymous_33)
FN:673,(anonymous_34)
FN:697,(anonymous_35)
FN:711,(anonymous_36)
FN:750,(anonymous_37)
FN:764,(anonymous_38)
FN:783,(anonymous_39)
FN:797,(anonymous_40)
FN:856,(anonymous_41)
FN:867,(anonymous_42)
FN:885,(anonymous_43)
FN:946,(anonymous_44)
FN:962,(anonymous_45)
FN:991,(anonymous_46)
FN:1015,(anonymous_47)
FN:1037,(anonymous_48)
FN:1142,(anonymous_49)
FNF:50
FNH:0
FNDA:0,(anonymous_0)
FNDA:0,(anonymous_1)
FNDA:0,CreateTripScreen
FNDA:0,(anonymous_3)
FNDA:0,(anonymous_4)
FNDA:0,(anonymous_5)
FNDA:0,(anonymous_6)
FNDA:0,(anonymous_7)
FNDA:0,(anonymous_8)
FNDA:0,(anonymous_9)
FNDA:0,(anonymous_10)
FNDA:0,(anonymous_11)
FNDA:0,(anonymous_12)
FNDA:0,(anonymous_13)
FNDA:0,(anonymous_14)
FNDA:0,(anonymous_15)
FNDA:0,(anonymous_16)
FNDA:0,(anonymous_17)
FNDA:0,(anonymous_18)
FNDA:0,(anonymous_19)
FNDA:0,(anonymous_20)
FNDA:0,(anonymous_21)
FNDA:0,(anonymous_22)
FNDA:0,(anonymous_23)
FNDA:0,(anonymous_24)
FNDA:0,(anonymous_25)
FNDA:0,(anonymous_26)
FNDA:0,(anonymous_27)
FNDA:0,(anonymous_28)
FNDA:0,(anonymous_29)
FNDA:0,(anonymous_30)
FNDA:0,(anonymous_31)
FNDA:0,(anonymous_32)
FNDA:0,(anonymous_33)
FNDA:0,(anonymous_34)
FNDA:0,(anonymous_35)
FNDA:0,(anonymous_36)
FNDA:0,(anonymous_37)
FNDA:0,(anonymous_38)
FNDA:0,(anonymous_39)
FNDA:0,(anonymous_40)
FNDA:0,(anonymous_41)
FNDA:0,(anonymous_42)
FNDA:0,(anonymous_43)
FNDA:0,(anonymous_44)
FNDA:0,(anonymous_45)
FNDA:0,(anonymous_46)
FNDA:0,(anonymous_47)
FNDA:0,(anonymous_48)
FNDA:0,(anonymous_49)
DA:36,0
DA:82,0
DA:83,0
DA:84,0
DA:85,0
DA:86,0
DA:88,0
DA:91,0
DA:92,0
DA:93,0
DA:95,0
DA:123,0
DA:132,0
DA:141,0
DA:148,0
DA:167,0
DA:168,0
DA:169,0
DA:170,0
DA:172,0
DA:175,0
DA:176,0
DA:179,0
DA:180,0
DA:183,0
DA:184,0
DA:185,0
DA:186,0
DA:187,0
DA:188,0
DA:189,0
DA:190,0
DA:191,0
DA:192,0
DA:195,0
DA:196,0
DA:199,0
DA:200,0
DA:201,0
DA:202,0
DA:203,0
DA:206,0
DA:207,0
DA:210,0
DA:211,0
DA:212,0
DA:214,0
DA:215,0
DA:216,0
DA:217,0
DA:218,0
DA:219,0
DA:220,0
DA:221,0
DA:223,0
DA:224,0
DA:225,0
DA:226,0
DA:227,0
DA:228,0
DA:229,0
DA:234,0
DA:235,0
DA:237,0
DA:238,0
DA:239,0
DA:241,0
DA:242,0
DA:244,0
DA:245,0
DA:249,0
DA:250,0
DA:251,0
DA:253,0
DA:254,0
DA:256,0
DA:257,0
DA:259,0
DA:260,0
DA:264,0
DA:265,0
DA:268,0
DA:269,0
DA:277,0
DA:278,0
DA:280,0
DA:281,0
DA:282,0
DA:295,0
DA:297,0
DA:298,0
DA:304,0
DA:308,0
DA:309,0
DA:312,0
DA:313,0
DA:314,0
DA:315,0
DA:318,0
DA:319,0
DA:323,0
DA:324,0
DA:325,0
DA:327,0
DA:331,0
DA:332,0
DA:333,0
DA:335,0
DA:336,0
DA:337,0
DA:340,0
DA:341,0
DA:342,0
DA:345,0
DA:346,0
DA:349,0
DA:350,0
DA:353,0
DA:354,0
DA:355,0
DA:356,0
DA:359,0
DA:360,0
DA:362,0
DA:380,0
DA:387,0
DA:388,0
DA:389,0
DA:390,0
DA:391,0
DA:393,0
DA:399,0
DA:400,0
DA:401,0
DA:402,0
DA:403,0
DA:411,0
DA:415,0
DA:418,0
DA:421,0
DA:422,0
DA:424,0
DA:428,0
DA:429,0
DA:431,0
DA:447,0
DA:448,0
DA:449,0
DA:467,0
DA:468,0
DA:474,0
DA:475,0
DA:476,0
DA:477,0
DA:490,0
DA:492,0
DA:495,0
DA:496,0
DA:497,0
DA:502,0
DA:506,0
DA:507,0
DA:508,0
DA:549,0
DA:562,0
DA:584,0
DA:585,0
DA:597,0
DA:598,0
DA:608,0
DA:624,0
DA:637,0
DA:660,0
DA:673,0
DA:698,0
DA:711,0
DA:735,0
DA:751,0
DA:764,0
DA:784,0
DA:797,0
DA:821,0
DA:857,0
DA:867,0
DA:885,0
DA:907,0
DA:947,0
DA:963,0
DA:992,0
DA:1016,0
DA:1038,0
DA:1071,0
DA:1075,0
DA:1143,0
DA:1144,0
DA:1159,0
LF:196
LH:0
BRDA:83,0,0,0
BRDA:83,0,1,0
BRDA:85,1,0,0
BRDA:85,1,1,0
BRDA:92,2,0,0
BRDA:92,2,1,0
BRDA:170,3,0,0
BRDA:170,3,1,0
BRDA:175,4,0,0
BRDA:175,4,1,0
BRDA:217,5,0,0
BRDA:217,5,1,0
BRDA:223,6,0,0
BRDA:223,6,1,0
BRDA:237,7,0,0
BRDA:237,7,1,0
BRDA:238,8,0,0
BRDA:238,8,1,0
BRDA:241,9,0,0
BRDA:241,9,1,0
BRDA:244,10,0,0
BRDA:244,10,1,0
BRDA:249,11,0,0
BRDA:249,11,1,0
BRDA:250,12,0,0
BRDA:250,12,1,0
BRDA:253,13,0,0
BRDA:253,13,1,0
BRDA:256,14,0,0
BRDA:256,14,1,0
BRDA:259,15,0,0
BRDA:259,15,1,0
BRDA:278,16,0,0
BRDA:278,16,1,0
BRDA:288,17,0,0
BRDA:288,17,1,0
BRDA:289,18,0,0
BRDA:289,18,1,0
BRDA:290,19,0,0
BRDA:290,19,1,0
BRDA:291,20,0,0
BRDA:291,20,1,0
BRDA:292,21,0,0
BRDA:292,21,1,0
BRDA:309,22,0,0
BRDA:309,22,1,0
BRDA:312,23,0,0
BRDA:312,23,1,0
BRDA:312,24,0,0
BRDA:312,24,1,0
BRDA:312,24,2,0
BRDA:318,25,0,0
BRDA:318,25,1,0
BRDA:324,26,0,0
BRDA:324,26,1,0
BRDA:333,27,0,0
BRDA:333,27,1,0
BRDA:335,28,0,0
BRDA:335,28,1,0
BRDA:340,29,0,0
BRDA:340,29,1,0
BRDA:354,30,0,0
BRDA:354,30,1,0
BRDA:364,31,0,0
BRDA:364,31,1,0
BRDA:365,32,0,0
BRDA:365,32,1,0
BRDA:366,33,0,0
BRDA:366,33,1,0
BRDA:367,34,0,0
BRDA:367,34,1,0
BRDA:372,35,0,0
BRDA:372,35,1,0
BRDA:373,36,0,0
BRDA:373,36,1,0
BRDA:374,37,0,0
BRDA:374,37,1,0
BRDA:375,38,0,0
BRDA:375,38,1,0
BRDA:376,39,0,0
BRDA:376,39,1,0
BRDA:387,40,0,0
BRDA:387,40,1,0
BRDA:402,41,0,0
BRDA:402,41,1,0
BRDA:417,42,0,0
BRDA:417,42,1,0
BRDA:417,43,0,0
BRDA:417,43,1,0
BRDA:429,44,0,0
BRDA:429,44,1,0
BRDA:429,44,2,0
BRDA:429,44,3,0
BRDA:429,44,4,0
BRDA:429,44,5,0
BRDA:448,45,0,0
BRDA:448,45,1,0
BRDA:470,46,0,0
BRDA:470,46,1,0
BRDA:471,47,0,0
BRDA:471,47,1,0
BRDA:486,48,0,0
BRDA:486,48,1,0
BRDA:486,48,2,0
BRDA:496,49,0,0
BRDA:496,49,1,0
BRDA:512,50,0,0
BRDA:512,50,1,0
BRDA:514,51,0,0
BRDA:514,51,1,0
BRDA:523,52,0,0
BRDA:523,52,1,0
BRDA:523,52,2,0
BRDA:528,53,0,0
BRDA:528,53,1,0
BRDA:537,54,0,0
BRDA:537,54,1,0
BRDA:572,55,0,0
BRDA:572,55,1,0
BRDA:578,56,0,0
BRDA:578,56,1,0
BRDA:585,57,0,0
BRDA:585,57,1,0
BRDA:591,58,0,0
BRDA:591,58,1,0
BRDA:598,59,0,0
BRDA:598,59,1,0
BRDA:629,60,0,0
BRDA:629,60,1,0
BRDA:632,61,0,0
BRDA:632,61,1,0
BRDA:642,62,0,0
BRDA:642,62,1,0
BRDA:644,63,0,0
BRDA:644,63,1,0
BRDA:665,64,0,0
BRDA:665,64,1,0
BRDA:668,65,0,0
BRDA:668,65,1,0
BRDA:678,66,0,0
BRDA:678,66,1,0
BRDA:683,67,0,0
BRDA:683,67,1,0
BRDA:703,68,0,0
BRDA:703,68,1,0
BRDA:706,69,0,0
BRDA:706,69,1,0
BRDA:716,70,0,0
BRDA:716,70,1,0
BRDA:721,71,0,0
BRDA:721,71,1,0
BRDA:756,72,0,0
BRDA:756,72,1,0
BRDA:759,73,0,0
BRDA:759,73,1,0
BRDA:769,74,0,0
BRDA:769,74,1,0
BRDA:771,75,0,0
BRDA:771,75,1,0
BRDA:789,76,0,0
BRDA:789,76,1,0
BRDA:792,77,0,0
BRDA:792,77,1,0
BRDA:802,78,0,0
BRDA:802,78,1,0
BRDA:807,79,0,0
BRDA:807,79,1,0
BRDA:851,80,0,0
BRDA:851,80,1,0
BRDA:884,81,0,0
BRDA:884,81,1,0
BRDA:884,82,0,0
BRDA:884,82,1,0
BRDA:888,83,0,0
BRDA:888,83,1,0
BRDA:890,84,0,0
BRDA:890,84,1,0
BRDA:898,85,0,0
BRDA:898,85,1,0
BRDA:898,86,0,0
BRDA:898,86,1,0
BRDA:899,87,0,0
BRDA:899,87,1,0
BRDA:917,88,0,0
BRDA:917,88,1,0
BRDA:927,89,0,0
BRDA:927,89,1,0
BRDA:975,90,0,0
BRDA:975,90,1,0
BRDA:999,91,0,0
BRDA:999,91,1,0
BRDA:1019,92,0,0
BRDA:1019,92,1,0
BRDA:1026,93,0,0
BRDA:1026,93,1,0
BRDA:1078,94,0,0
BRDA:1078,94,1,0
BRDA:1114,95,0,0
BRDA:1114,95,1,0
BRDA:1114,95,2,0
BRDA:1126,96,0,0
BRDA:1126,96,1,0
BRDA:1126,96,2,0
BRDA:1128,97,0,0
BRDA:1128,97,1,0
BRDA:1128,98,0,0
BRDA:1128,98,1,0
BRDA:1129,99,0,0
BRDA:1129,99,1,0
BRDA:1130,100,0,0
BRDA:1130,100,1,0
BRDA:1135,101,0,0
BRDA:1135,101,1,0
BRDA:1139,102,0,0
BRDA:1139,102,1,0
BRDA:1139,102,2,0
BRF:216
BRH:0
end_of_record
TN:
SF:app/trips/[id]/collaborators.tsx
FN:46,CollaboratorsScreen
FN:72,(anonymous_1)
FN:88,(anonymous_2)
FN:110,(anonymous_3)
FN:120,(anonymous_4)
FN:129,(anonymous_5)
FN:159,(anonymous_6)
FN:211,(anonymous_7)
FN:225,(anonymous_8)
FN:236,(anonymous_9)
FN:263,(anonymous_10)
FN:272,(anonymous_11)
FN:274,(anonymous_12)
FN:292,(anonymous_13)
FN:301,(anonymous_14)
FN:316,(anonymous_15)
FN:324,(anonymous_16)
FN:335,(anonymous_17)
FN:349,(anonymous_18)
FN:368,(anonymous_19)
FN:392,(anonymous_20)
FN:414,(anonymous_21)
FN:421,(anonymous_22)
FN:448,(anonymous_23)
FN:464,(anonymous_24)
FN:474,(anonymous_25)
FN:498,(anonymous_26)
FN:523,(anonymous_27)
FN:560,(anonymous_28)
FN:573,(anonymous_29)
FN:607,(anonymous_30)
FN:656,(anonymous_31)
FN:663,(anonymous_32)
FN:670,(anonymous_33)
FN:689,(anonymous_34)
FNF:35
FNH:0
FNDA:0,CollaboratorsScreen
FNDA:0,(anonymous_1)
FNDA:0,(anonymous_2)
FNDA:0,(anonymous_3)
FNDA:0,(anonymous_4)
FNDA:0,(anonymous_5)
FNDA:0,(anonymous_6)
FNDA:0,(anonymous_7)
FNDA:0,(anonymous_8)
FNDA:0,(anonymous_9)
FNDA:0,(anonymous_10)
FNDA:0,(anonymous_11)
FNDA:0,(anonymous_12)
FNDA:0,(anonymous_13)
FNDA:0,(anonymous_14)
FNDA:0,(anonymous_15)
FNDA:0,(anonymous_16)
FNDA:0,(anonymous_17)
FNDA:0,(anonymous_18)
FNDA:0,(anonymous_19)
FNDA:0,(anonymous_20)
FNDA:0,(anonymous_21)
FNDA:0,(anonymous_22)
FNDA:0,(anonymous_23)
FNDA:0,(anonymous_24)
FNDA:0,(anonymous_25)
FNDA:0,(anonymous_26)
FNDA:0,(anonymous_27)
FNDA:0,(anonymous_28)
FNDA:0,(anonymous_29)
FNDA:0,(anonymous_30)
FNDA:0,(anonymous_31)
FNDA:0,(anonymous_32)
FNDA:0,(anonymous_33)
FNDA:0,(anonymous_34)
DA:40,0
DA:47,0
DA:48,0
DA:49,0
DA:50,0
DA:52,0
DA:53,0
DA:54,0
DA:55,0
DA:58,0
DA:59,0
DA:60,0
DA:62,0
DA:63,0
DA:64,0
DA:65,0
DA:66,0
DA:67,0
DA:69,0
DA:72,0
DA:73,0
DA:76,0
DA:77,0
DA:88,0
DA:90,0
DA:92,0
DA:102,0
DA:105,0
DA:108,0
DA:110,0
DA:111,0
DA:112,0
DA:116,0
DA:120,0
DA:121,0
DA:122,0
DA:123,0
DA:125,0
DA:129,0
DA:131,0
DA:132,0
DA:133,0
DA:134,0
DA:137,0
DA:140,0
DA:141,0
DA:142,0
DA:145,0
DA:146,0
DA:147,0
DA:148,0
DA:152,0
DA:153,0
DA:154,0
DA:158,0
DA:159,0
DA:161,0
DA:162,0
DA:163,0
DA:166,0
DA:167,0
DA:168,0
DA:171,0
DA:172,0
DA:174,0
DA:175,0
DA:185,0
DA:186,0
DA:187,0
DA:195,0
DA:197,0
DA:201,0
DA:205,0
DA:207,0
DA:211,0
DA:216,0
DA:217,0
DA:219,0
DA:221,0
DA:225,0
DA:226,0
DA:228,0
DA:237,0
DA:238,0
DA:239,0
DA:242,0
DA:243,0
DA:251,0
DA:253,0
DA:255,0
DA:263,0
DA:264,0
DA:266,0
DA:268,0
DA:272,0
DA:275,0
DA:277,0
DA:278,0
DA:279,0
DA:281,0
DA:283,0
DA:292,0
DA:293,0
DA:302,0
DA:303,0
DA:304,0
DA:306,0
DA:308,0
DA:316,0
DA:317,0
DA:318,0
DA:319,0
DA:320,0
DA:324,0
DA:329,0
DA:331,0
DA:335,0
DA:336,0
DA:337,0
DA:338,0
DA:339,0
DA:340,0
DA:342,0
DA:343,0
DA:344,0
DA:345,0
DA:346,0
DA:349,0
DA:350,0
DA:351,0
DA:352,0
DA:353,0
DA:355,0
DA:356,0
DA:357,0
DA:358,0
DA:361,0
DA:368,0
DA:392,0
DA:414,0
DA:421,0
DA:449,0
DA:450,0
DA:465,0
DA:474,0
DA:499,0
DA:500,0
DA:501,0
DA:524,0
DA:525,0
DA:526,0
DA:560,0
DA:573,0
DA:608,0
DA:609,0
DA:610,0
DA:612,0
DA:656,0
DA:663,0
DA:670,0
DA:689,0
DA:700,0
LF:162
LH:0
BRDA:50,0,0,0
BRDA:50,0,1,0
BRDA:59,1,0,0
BRDA:59,1,1,0
BRDA:69,2,0,0
BRDA:69,2,1,0
BRDA:76,3,0,0
BRDA:76,3,1,0
BRDA:79,4,0,0
BRDA:79,4,1,0
BRDA:90,5,0,0
BRDA:90,5,1,0
BRDA:97,6,0,0
BRDA:97,6,1,0
BRDA:98,7,0,0
BRDA:98,7,1,0
BRDA:108,8,0,0
BRDA:108,8,1,0
BRDA:131,9,0,0
BRDA:131,9,1,0
BRDA:140,10,0,0
BRDA:140,10,1,0
BRDA:146,11,0,0
BRDA:146,11,1,0
BRDA:147,12,0,0
BRDA:147,12,1,0
BRDA:152,13,0,0
BRDA:152,13,1,0
BRDA:161,14,0,0
BRDA:161,14,1,0
BRDA:166,15,0,0
BRDA:166,15,1,0
BRDA:166,16,0,0
BRDA:166,16,1,0
BRDA:180,17,0,0
BRDA:180,17,1,0
BRDA:185,18,0,0
BRDA:185,18,1,0
BRDA:190,19,0,0
BRDA:190,19,1,0
BRDA:219,20,0,0
BRDA:219,20,1,0
BRDA:226,21,0,0
BRDA:226,21,1,0
BRDA:242,22,0,0
BRDA:242,22,1,0
BRDA:245,23,0,0
BRDA:245,23,1,0
BRDA:253,24,0,0
BRDA:253,24,1,0
BRDA:264,25,0,0
BRDA:264,25,1,0
BRDA:264,26,0,0
BRDA:264,26,1,0
BRDA:275,27,0,0
BRDA:275,27,1,0
BRDA:281,28,0,0
BRDA:281,28,1,0
BRDA:306,29,0,0
BRDA:306,29,1,0
BRDA:329,30,0,0
BRDA:329,30,1,0
BRDA:342,31,0,0
BRDA:342,31,1,0
BRDA:343,32,0,0
BRDA:343,32,1,0
BRDA:344,33,0,0
BRDA:344,33,1,0
BRDA:345,34,0,0
BRDA:345,34,1,0
BRDA:355,35,0,0
BRDA:355,35,1,0
BRDA:356,36,0,0
BRDA:356,36,1,0
BRDA:357,37,0,0
BRDA:357,37,1,0
BRDA:380,38,0,0
BRDA:380,38,1,0
BRDA:387,39,0,0
BRDA:387,39,1,0
BRDA:390,40,0,0
BRDA:390,40,1,0
BRDA:397,41,0,0
BRDA:397,41,1,0
BRDA:410,42,0,0
BRDA:410,42,1,0
BRDA:431,43,0,0
BRDA:431,43,1,0
BRDA:441,44,0,0
BRDA:441,44,1,0
BRDA:442,45,0,0
BRDA:442,45,1,0
BRDA:450,46,0,0
BRDA:450,46,1,0
BRDA:457,47,0,0
BRDA:457,47,1,0
BRDA:470,48,0,0
BRDA:470,48,1,0
BRDA:471,49,0,0
BRDA:471,49,1,0
BRDA:480,50,0,0
BRDA:480,50,1,0
BRDA:485,51,0,0
BRDA:485,51,1,0
BRDA:508,52,0,0
BRDA:508,52,1,0
BRDA:512,53,0,0
BRDA:512,53,1,0
BRDA:534,54,0,0
BRDA:534,54,1,0
BRDA:538,55,0,0
BRDA:538,55,1,0
BRDA:551,56,0,0
BRDA:551,56,1,0
BRDA:561,57,0,0
BRDA:561,57,1,0
BRDA:561,57,2,0
BRDA:567,58,0,0
BRDA:567,58,1,0
BRDA:567,58,2,0
BRDA:571,59,0,0
BRDA:571,59,1,0
BRDA:571,59,2,0
BRDA:587,60,0,0
BRDA:587,60,1,0
BRDA:590,61,0,0
BRDA:590,61,1,0
BRDA:592,62,0,0
BRDA:592,62,1,0
BRDA:596,63,0,0
BRDA:596,63,1,0
BRDA:620,64,0,0
BRDA:620,64,1,0
BRDA:624,65,0,0
BRDA:624,65,1,0
BRDA:644,66,0,0
BRDA:644,66,1,0
BRDA:691,67,0,0
BRDA:691,67,1,0
BRF:139
BRH:0
end_of_record
TN:
SF:app/trips/[id]/documents.tsx
FN:51,DocumentsScreen
FN:77,(anonymous_1)
FN:78,(anonymous_2)
FN:94,(anonymous_3)
FN:101,(anonymous_4)
FN:103,(anonymous_5)
FN:108,(anonymous_6)
FN:113,(anonymous_7)
FN:117,(anonymous_8)
FN:125,(anonymous_9)
FN:143,(anonymous_10)
FN:148,(anonymous_11)
FN:149,(anonymous_12)
FN:150,(anonymous_13)
FN:151,(anonymous_14)
FN:157,(anonymous_15)
FN:175,(anonymous_16)
FN:185,(anonymous_17)
FN:203,(anonymous_18)
FN:213,(anonymous_19)
FN:223,(anonymous_20)
FN:233,(anonymous_21)
FN:271,(anonymous_22)
FN:284,(anonymous_23)
FN:290,(anonymous_24)
FN:342,(anonymous_25)
FN:356,(anonymous_26)
FN:365,(anonymous_27)
FN:379,(anonymous_28)
FN:384,(anonymous_29)
FN:389,(anonymous_30)
FN:391,(anonymous_31)
FN:392,(anonymous_32)
FN:393,(anonymous_33)
FN:399,(anonymous_34)
FN:427,(anonymous_35)
FN:431,(anonymous_36)
FN:432,(anonymous_37)
FN:446,(anonymous_38)
FN:447,(anonymous_39)
FN:449,(anonymous_40)
FN:474,getFileExtension
FN:487,(anonymous_42)
FN:493,(anonymous_43)
FN:503,(anonymous_44)
FN:537,(anonymous_45)
FN:552,(anonymous_46)
FN:565,(anonymous_47)
FN:618,(anonymous_48)
FN:636,(anonymous_49)
FN:645,(anonymous_50)
FN:653,(anonymous_51)
FN:660,(anonymous_52)
FN:661,(anonymous_53)
FN:699,(anonymous_54)
FN:700,(anonymous_55)
FN:707,(anonymous_56)
FN:732,(anonymous_57)
FNF:58
FNH:0
FNDA:0,DocumentsScreen
FNDA:0,(anonymous_1)
FNDA:0,(anonymous_2)
FNDA:0,(anonymous_3)
FNDA:0,(anonymous_4)
FNDA:0,(anonymous_5)
FNDA:0,(anonymous_6)
FNDA:0,(anonymous_7)
FNDA:0,(anonymous_8)
FNDA:0,(anonymous_9)
FNDA:0,(anonymous_10)
FNDA:0,(anonymous_11)
FNDA:0,(anonymous_12)
FNDA:0,(anonymous_13)
FNDA:0,(anonymous_14)
FNDA:0,(anonymous_15)
FNDA:0,(anonymous_16)
FNDA:0,(anonymous_17)
FNDA:0,(anonymous_18)
FNDA:0,(anonymous_19)
FNDA:0,(anonymous_20)
FNDA:0,(anonymous_21)
FNDA:0,(anonymous_22)
FNDA:0,(anonymous_23)
FNDA:0,(anonymous_24)
FNDA:0,(anonymous_25)
FNDA:0,(anonymous_26)
FNDA:0,(anonymous_27)
FNDA:0,(anonymous_28)
FNDA:0,(anonymous_29)
FNDA:0,(anonymous_30)
FNDA:0,(anonymous_31)
FNDA:0,(anonymous_32)
FNDA:0,(anonymous_33)
FNDA:0,(anonymous_34)
FNDA:0,(anonymous_35)
FNDA:0,(anonymous_36)
FNDA:0,(anonymous_37)
FNDA:0,(anonymous_38)
FNDA:0,(anonymous_39)
FNDA:0,(anonymous_40)
FNDA:0,getFileExtension
FNDA:0,(anonymous_42)
FNDA:0,(anonymous_43)
FNDA:0,(anonymous_44)
FNDA:0,(anonymous_45)
FNDA:0,(anonymous_46)
FNDA:0,(anonymous_47)
FNDA:0,(anonymous_48)
FNDA:0,(anonymous_49)
FNDA:0,(anonymous_50)
FNDA:0,(anonymous_51)
FNDA:0,(anonymous_52)
FNDA:0,(anonymous_53)
FNDA:0,(anonymous_54)
FNDA:0,(anonymous_55)
FNDA:0,(anonymous_56)
FNDA:0,(anonymous_57)
DA:42,0
DA:49,0
DA:52,0
DA:53,0
DA:54,0
DA:55,0
DA:56,0
DA:57,0
DA:58,0
DA:60,0
DA:61,0
DA:62,0
DA:63,0
DA:64,0
DA:65,0
DA:68,0
DA:69,0
DA:70,0
DA:73,0
DA:74,0
DA:77,0
DA:78,0
DA:79,0
DA:80,0
DA:81,0
DA:82,0
DA:83,0
DA:86,0
DA:88,0
DA:89,0
DA:94,0
DA:99,0
DA:101,0
DA:103,0
DA:104,0
DA:105,0
DA:108,0
DA:109,0
DA:110,0
DA:113,0
DA:114,0
DA:117,0
DA:118,0
DA:125,0
DA:130,0
DA:131,0
DA:133,0
DA:134,0
DA:136,0
DA:140,0
DA:143,0
DA:144,0
DA:148,0
DA:149,0
DA:150,0
DA:151,0
DA:157,0
DA:158,0
DA:159,0
DA:160,0
DA:161,0
DA:162,0
DA:165,0
DA:171,0
DA:172,0
DA:173,0
DA:175,0
DA:176,0
DA:180,0
DA:181,0
DA:185,0
DA:186,0
DA:187,0
DA:188,0
DA:189,0
DA:190,0
DA:193,0
DA:199,0
DA:200,0
DA:201,0
DA:203,0
DA:204,0
DA:208,0
DA:209,0
DA:213,0
DA:214,0
DA:215,0
DA:220,0
DA:221,0
DA:223,0
DA:224,0
DA:228,0
DA:229,0
DA:233,0
DA:239,0
DA:242,0
DA:243,0
DA:244,0
DA:245,0
DA:248,0
DA:249,0
DA:250,0
DA:252,0
DA:261,0
DA:262,0
DA:264,0
DA:265,0
DA:267,0
DA:271,0
DA:272,0
DA:284,0
DA:286,0
DA:287,0
DA:290,0
DA:291,0
DA:292,0
DA:294,0
DA:295,0
DA:300,0
DA:301,0
DA:305,0
DA:306,0
DA:308,0
DA:309,0
DA:310,0
DA:314,0
DA:315,0
DA:317,0
DA:319,0
DA:320,0
DA:326,0
DA:327,0
DA:331,0
DA:333,0
DA:334,0
DA:335,0
DA:337,0
DA:342,0
DA:343,0
DA:344,0
DA:345,0
DA:347,0
DA:349,0
DA:351,0
DA:352,0
DA:356,0
DA:357,0
DA:366,0
DA:367,0
DA:368,0
DA:370,0
DA:371,0
DA:379,0
DA:381,0
DA:384,0
DA:385,0
DA:389,0
DA:391,0
DA:392,0
DA:393,0
DA:399,0
DA:400,0
DA:402,0
DA:404,0
DA:405,0
DA:407,0
DA:408,0
DA:422,0
DA:428,0
DA:429,0
DA:431,0
DA:433,0
DA:434,0
DA:440,0
DA:442,0
DA:446,0
DA:447,0
DA:450,0
DA:459,0
DA:460,0
DA:475,0
DA:476,0
DA:477,0
DA:480,0
DA:487,0
DA:493,0
DA:503,0
DA:537,0
DA:553,0
DA:554,0
DA:555,0
DA:565,0
DA:618,0
DA:636,0
DA:645,0
DA:654,0
DA:655,0
DA:656,0
DA:660,0
DA:661,0
DA:700,0
DA:707,0
DA:732,0
DA:743,0
LF:204
LH:0
BRDA:57,0,0,0
BRDA:57,0,1,0
BRDA:69,1,0,0
BRDA:69,1,1,0
BRDA:82,2,0,0
BRDA:82,2,1,0
BRDA:88,3,0,0
BRDA:88,3,1,0
BRDA:96,4,0,0
BRDA:96,4,1,0
BRDA:99,5,0,0
BRDA:99,5,1,0
BRDA:104,6,0,0
BRDA:104,6,1,0
BRDA:109,7,0,0
BRDA:109,7,1,0
BRDA:114,8,0,0
BRDA:114,8,1,0
BRDA:114,9,0,0
BRDA:114,9,1,0
BRDA:137,10,0,0
BRDA:137,10,1,0
BRDA:160,11,0,0
BRDA:160,11,1,0
BRDA:171,12,0,0
BRDA:171,12,1,0
BRDA:171,13,0,0
BRDA:171,13,1,0
BRDA:173,14,0,0
BRDA:173,14,1,0
BRDA:188,15,0,0
BRDA:188,15,1,0
BRDA:199,16,0,0
BRDA:199,16,1,0
BRDA:199,17,0,0
BRDA:199,17,1,0
BRDA:201,18,0,0
BRDA:201,18,1,0
BRDA:220,19,0,0
BRDA:220,19,1,0
BRDA:220,20,0,0
BRDA:220,20,1,0
BRDA:237,21,0,0
BRDA:239,22,0,0
BRDA:239,22,1,0
BRDA:239,23,0,0
BRDA:239,23,1,0
BRDA:243,24,0,0
BRDA:243,24,1,0
BRDA:292,25,0,0
BRDA:292,25,1,0
BRDA:294,26,0,0
BRDA:294,26,1,0
BRDA:306,27,0,0
BRDA:306,27,1,0
BRDA:319,28,0,0
BRDA:319,28,1,0
BRDA:321,29,0,0
BRDA:321,29,1,0
BRDA:344,30,0,0
BRDA:344,30,1,0
BRDA:400,31,0,0
BRDA:400,31,1,0
BRDA:402,32,0,0
BRDA:402,32,1,0
BRDA:404,33,0,0
BRDA:404,33,1,0
BRDA:405,34,0,0
BRDA:405,34,1,0
BRDA:440,35,0,0
BRDA:440,35,1,0
BRDA:440,36,0,0
BRDA:440,36,1,0
BRDA:476,37,0,0
BRDA:476,37,1,0
BRDA:499,38,0,0
BRDA:499,38,1,0
BRDA:503,39,0,0
BRDA:503,39,1,0
BRDA:515,40,0,0
BRDA:515,40,1,0
BRDA:526,41,0,0
BRDA:526,41,1,0
BRDA:554,42,0,0
BRDA:554,42,1,0
BRDA:561,43,0,0
BRDA:561,43,1,0
BRDA:562,44,0,0
BRDA:562,44,1,0
BRDA:568,45,0,0
BRDA:568,45,1,0
BRDA:572,46,0,0
BRDA:572,46,1,0
BRDA:577,47,0,0
BRDA:577,47,1,0
BRDA:579,48,0,0
BRDA:579,48,1,0
BRDA:592,49,0,0
BRDA:592,49,1,0
BRDA:596,50,0,0
BRDA:596,50,1,0
BRDA:600,51,0,0
BRDA:600,51,1,0
BRDA:602,52,0,0
BRDA:602,52,1,0
BRDA:613,53,0,0
BRDA:613,53,1,0
BRDA:616,54,0,0
BRDA:616,54,1,0
BRDA:678,55,0,0
BRDA:678,55,1,0
BRDA:692,56,0,0
BRDA:692,56,1,0
BRDA:692,56,2,0
BRDA:695,57,0,0
BRDA:695,57,1,0
BRDA:698,58,0,0
BRDA:698,58,1,0
BRDA:734,59,0,0
BRDA:734,59,1,0
BRF:120
BRH:0
end_of_record
TN:
SF:app/trips/[id]/index.tsx
FN:38,TripOverviewScreen
FN:61,(anonymous_1)
FN:68,(anonymous_2)
FN:75,(anonymous_3)
FN:80,(anonymous_4)
FN:151,(anonymous_5)
FN:195,(anonymous_6)
FN:203,(anonymous_7)
FN:219,(anonymous_8)
FN:231,(anonymous_9)
FN:238,(anonymous_10)
FN:245,(anonymous_11)
FN:280,(anonymous_12)
FN:309,(anonymous_13)
FN:318,(anonymous_14)
FNF:15
FNH:0
FNDA:0,TripOverviewScreen
FNDA:0,(anonymous_1)
FNDA:0,(anonymous_2)
FNDA:0,(anonymous_3)
FNDA:0,(anonymous_4)
FNDA:0,(anonymous_5)
FNDA:0,(anonymous_6)
FNDA:0,(anonymous_7)
FNDA:0,(anonymous_8)
FNDA:0,(anonymous_9)
FNDA:0,(anonymous_10)
FNDA:0,(anonymous_11)
FNDA:0,(anonymous_12)
FNDA:0,(anonymous_13)
FNDA:0,(anonymous_14)
DA:20,0
DA:30,0
DA:39,0
DA:40,0
DA:41,0
DA:42,0
DA:43,0
DA:44,0
DA:47,0
DA:50,0
DA:53,0
DA:54,0
DA:55,0
DA:56,0
DA:59,0
DA:61,0
DA:62,0
DA:63,0
DA:64,0
DA:65,0
DA:68,0
DA:69,0
DA:70,0
DA:71,0
DA:72,0
DA:75,0
DA:76,0
DA:80,0
DA:81,0
DA:85,0
DA:89,0
DA:90,0
DA:131,0
DA:132,0
DA:147,0
DA:148,0
DA:149,0
DA:151,0
DA:152,0
DA:153,0
DA:154,0
DA:157,0
DA:196,0
DA:203,0
DA:219,0
DA:231,0
DA:239,0
DA:245,0
DA:280,0
DA:309,0
DA:319,0
DA:352,0
LF:52
LH:0
BRDA:43,0,0,0
BRDA:43,0,1,0
BRDA:59,1,0,0
BRDA:59,1,1,0
BRDA:59,1,2,0
BRDA:89,2,0,0
BRDA:89,2,1,0
BRDA:131,3,0,0
BRDA:131,3,1,0
BRDA:131,4,0,0
BRDA:131,4,1,0
BRDA:140,5,0,0
BRDA:140,5,1,0
BRDA:152,6,0,0
BRDA:152,6,1,0
BRDA:154,7,0,0
BRDA:154,7,1,0
BRDA:223,8,0,0
BRDA:223,8,1,0
BRDA:225,9,0,0
BRDA:225,9,1,0
BRDA:254,10,0,0
BRDA:254,10,1,0
BRDA:285,11,0,0
BRDA:285,11,1,0
BRDA:292,12,0,0
BRDA:292,12,1,0
BRDA:305,13,0,0
BRDA:305,13,1,0
BRDA:305,13,2,0
BRDA:321,14,0,0
BRDA:321,14,1,0
BRDA:324,15,0,0
BRDA:324,15,1,0
BRDA:329,16,0,0
BRDA:329,16,1,0
BRDA:337,17,0,0
BRDA:337,17,1,0
BRDA:340,18,0,0
BRDA:340,18,1,0
BRDA:340,19,0,0
BRDA:340,19,1,0
BRF:42
BRH:0
end_of_record
TN:
SF:app/trips/[id]/map.tsx
FN:70,MapScreen
FN:92,(anonymous_1)
FN:93,(anonymous_2)
FN:103,(anonymous_3)
FN:140,(anonymous_4)
FN:150,(anonymous_5)
FN:165,(anonymous_6)
FN:179,(anonymous_7)
FN:180,(anonymous_8)
FN:193,(anonymous_9)
FN:195,(anonymous_10)
FN:200,(anonymous_11)
FN:205,(anonymous_12)
FN:209,(anonymous_13)
FN:215,(anonymous_14)
FN:216,(anonymous_15)
FN:222,(anonymous_16)
FN:225,(anonymous_17)
FN:226,(anonymous_18)
FN:241,(anonymous_19)
FN:265,(anonymous_20)
FN:277,(anonymous_21)
FN:288,(anonymous_22)
FN:327,(anonymous_23)
FN:340,(anonymous_24)
FN:406,(anonymous_25)
FN:412,(anonymous_26)
FN:424,(anonymous_27)
FN:438,(anonymous_28)
FN:529,(anonymous_29)
FN:536,(anonymous_30)
FN:544,(anonymous_31)
FN:617,(anonymous_32)
FN:632,(anonymous_33)
FN:642,(anonymous_34)
FN:652,(anonymous_35)
FNF:36
FNH:0
FNDA:0,MapScreen
FNDA:0,(anonymous_1)
FNDA:0,(anonymous_2)
FNDA:0,(anonymous_3)
FNDA:0,(anonymous_4)
FNDA:0,(anonymous_5)
FNDA:0,(anonymous_6)
FNDA:0,(anonymous_7)
FNDA:0,(anonymous_8)
FNDA:0,(anonymous_9)
FNDA:0,(anonymous_10)
FNDA:0,(anonymous_11)
FNDA:0,(anonymous_12)
FNDA:0,(anonymous_13)
FNDA:0,(anonymous_14)
FNDA:0,(anonymous_15)
FNDA:0,(anonymous_16)
FNDA:0,(anonymous_17)
FNDA:0,(anonymous_18)
FNDA:0,(anonymous_19)
FNDA:0,(anonymous_20)
FNDA:0,(anonymous_21)
FNDA:0,(anonymous_22)
FNDA:0,(anonymous_23)
FNDA:0,(anonymous_24)
FNDA:0,(anonymous_25)
FNDA:0,(anonymous_26)
FNDA:0,(anonymous_27)
FNDA:0,(anonymous_28)
FNDA:0,(anonymous_29)
FNDA:0,(anonymous_30)
FNDA:0,(anonymous_31)
FNDA:0,(anonymous_32)
FNDA:0,(anonymous_33)
FNDA:0,(anonymous_34)
FNDA:0,(anonymous_35)
DA:36,0
DA:39,0
DA:40,0
DA:41,0
DA:42,0
DA:44,0
DA:53,0
DA:63,0
DA:71,0
DA:72,0
DA:73,0
DA:74,0
DA:75,0
DA:76,0
DA:77,0
DA:79,0
DA:80,0
DA:81,0
DA:82,0
DA:83,0
DA:84,0
DA:85,0
DA:86,0
DA:87,0
DA:88,0
DA:89,0
DA:92,0
DA:93,0
DA:94,0
DA:95,0
DA:96,0
DA:99,0
DA:103,0
DA:104,0
DA:106,0
DA:107,0
DA:108,0
DA:121,0
DA:122,0
DA:123,0
DA:125,0
DA:128,0
DA:129,0
DA:131,0
DA:136,0
DA:137,0
DA:140,0
DA:141,0
DA:150,0
DA:151,0
DA:152,0
DA:153,0
DA:162,0
DA:165,0
DA:166,0
DA:167,0
DA:173,0
DA:174,0
DA:179,0
DA:180,0
DA:181,0
DA:182,0
DA:183,0
DA:184,0
DA:187,0
DA:188,0
DA:193,0
DA:194,0
DA:196,0
DA:199,0
DA:201,0
DA:205,0
DA:206,0
DA:209,0
DA:210,0
DA:214,0
DA:215,0
DA:216,0
DA:222,0
DA:223,0
DA:224,0
DA:225,0
DA:226,0
DA:231,0
DA:232,0
DA:241,0
DA:242,0
DA:243,0
DA:250,0
DA:251,0
DA:252,0
DA:253,0
DA:254,0
DA:265,0
DA:266,0
DA:267,0
DA:268,0
DA:277,0
DA:278,0
DA:279,0
DA:280,0
DA:283,0
DA:284,0
DA:285,0
DA:288,0
DA:289,0
DA:290,0
DA:291,0
DA:295,0
DA:296,0
DA:297,0
DA:298,0
DA:304,0
DA:309,0
DA:328,0
DA:329,0
DA:331,0
DA:340,0
DA:406,0
DA:412,0
DA:425,0
DA:426,0
DA:439,0
DA:440,0
DA:529,0
DA:537,0
DA:544,0
DA:617,0
DA:632,0
DA:643,0
DA:652,0
DA:677,0
LF:132
LH:0
BRDA:40,0,0,0
BRDA:40,0,1,0
BRDA:41,1,0,0
BRDA:41,1,1,0
BRDA:75,2,0,0
BRDA:75,2,1,0
BRDA:94,3,0,0
BRDA:94,3,1,0
BRDA:104,4,0,0
BRDA:104,4,1,0
BRDA:104,5,0,0
BRDA:104,5,1,0
BRDA:110,6,0,0
BRDA:110,6,1,0
BRDA:111,7,0,0
BRDA:111,7,1,0
BRDA:121,8,0,0
BRDA:121,8,1,0
BRDA:151,9,0,0
BRDA:151,9,1,0
BRDA:166,10,0,0
BRDA:166,10,1,0
BRDA:166,11,0,0
BRDA:166,11,1,0
BRDA:182,12,0,0
BRDA:182,12,1,0
BRDA:194,13,0,0
BRDA:194,13,1,0
BRDA:199,14,0,0
BRDA:199,14,1,0
BRDA:201,15,0,0
BRDA:201,15,1,0
BRDA:206,16,0,0
BRDA:206,16,1,0
BRDA:206,17,0,0
BRDA:206,17,1,0
BRDA:210,18,0,0
BRDA:210,18,1,0
BRDA:210,19,0,0
BRDA:210,19,1,0
BRDA:215,20,0,0
BRDA:215,20,1,0
BRDA:223,21,0,0
BRDA:223,21,1,0
BRDA:223,22,0,0
BRDA:223,22,1,0
BRDA:225,23,0,0
BRDA:225,23,1,0
BRDA:231,24,0,0
BRDA:231,24,1,0
BRDA:242,25,0,0
BRDA:242,25,1,0
BRDA:251,26,0,0
BRDA:251,26,1,0
BRDA:267,27,0,0
BRDA:267,27,1,0
BRDA:267,28,0,0
BRDA:267,28,1,0
BRDA:278,29,0,0
BRDA:278,29,1,0
BRDA:289,30,0,0
BRDA:289,30,1,0
BRDA:289,31,0,0
BRDA:289,31,1,0
BRDA:328,32,0,0
BRDA:328,32,1,0
BRDA:328,33,0,0
BRDA:328,33,1,0
BRDA:339,34,0,0
BRDA:339,34,1,0
BRDA:344,35,0,0
BRDA:344,35,1,0
BRDA:362,36,0,0
BRDA:362,36,1,0
BRDA:362,36,2,0
BRDA:373,37,0,0
BRDA:373,37,1,0
BRDA:381,38,0,0
BRDA:381,38,1,0
BRDA:386,39,0,0
BRDA:386,39,1,0
BRDA:395,40,0,0
BRDA:395,40,1,0
BRDA:466,41,0,0
BRDA:466,41,1,0
BRDA:471,42,0,0
BRDA:471,42,1,0
BRDA:472,43,0,0
BRDA:472,43,1,0
BRDA:481,44,0,0
BRDA:481,44,1,0
BRDA:485,45,0,0
BRDA:485,45,1,0
BRDA:487,46,0,0
BRDA:487,46,1,0
BRDA:526,47,0,0
BRDA:526,47,1,0
BRDA:533,48,0,0
BRDA:533,48,1,0
BRDA:541,49,0,0
BRDA:541,49,1,0
BRDA:542,50,0,0
BRDA:542,50,1,0
BRDA:549,51,0,0
BRDA:549,51,1,0
BRDA:560,52,0,0
BRDA:560,52,1,0
BRDA:566,53,0,0
BRDA:566,53,1,0
BRDA:568,54,0,0
BRDA:568,54,1,0
BRDA:572,55,0,0
BRDA:572,55,1,0
BRDA:574,56,0,0
BRDA:574,56,1,0
BRDA:588,57,0,0
BRDA:588,57,1,0
BRDA:629,58,0,0
BRDA:629,58,1,0
BRDA:631,59,0,0
BRDA:631,59,1,0
BRDA:648,60,0,0
BRDA:648,60,1,0
BRDA:649,61,0,0
BRDA:649,61,1,0
BRF:125
BRH:0
end_of_record
TN:
SF:app/trips/[id]/expenses/_layout.tsx
FN:5,ExpensesLayout
FNF:1
FNH:0
FNDA:0,ExpensesLayout
DA:6,0
DA:7,0
DA:8,0
DA:10,0
LF:4
LH:0
BRDA:8,0,0,0
BRDA:8,0,1,0
BRF:2
BRH:0
end_of_record
TN:
SF:app/trips/[id]/expenses/add.tsx
FN:53,AddExpenseScreen
FN:84,(anonymous_1)
FN:90,(anonymous_2)
FN:94,(anonymous_3)
FN:95,(anonymous_4)
FN:104,(anonymous_5)
FN:105,(anonymous_6)
FN:110,(anonymous_7)
FN:146,(anonymous_8)
FN:151,(anonymous_9)
FN:185,(anonymous_10)
FN:197,(anonymous_11)
FN:212,(anonymous_12)
FN:249,(anonymous_13)
FN:271,(anonymous_14)
FN:287,(anonymous_15)
FN:297,(anonymous_16)
FN:331,(anonymous_17)
FN:341,(anonymous_18)
FN:366,(anonymous_19)
FN:376,(anonymous_20)
FN:416,(anonymous_21)
FN:423,(anonymous_22)
FNF:23
FNH:0
FNDA:0,AddExpenseScreen
FNDA:0,(anonymous_1)
FNDA:0,(anonymous_2)
FNDA:0,(anonymous_3)
FNDA:0,(anonymous_4)
FNDA:0,(anonymous_5)
FNDA:0,(anonymous_6)
FNDA:0,(anonymous_7)
FNDA:0,(anonymous_8)
FNDA:0,(anonymous_9)
FNDA:0,(anonymous_10)
FNDA:0,(anonymous_11)
FNDA:0,(anonymous_12)
FNDA:0,(anonymous_13)
FNDA:0,(anonymous_14)
FNDA:0,(anonymous_15)
FNDA:0,(anonymous_16)
FNDA:0,(anonymous_17)
FNDA:0,(anonymous_18)
FNDA:0,(anonymous_19)
FNDA:0,(anonymous_20)
FNDA:0,(anonymous_21)
FNDA:0,(anonymous_22)
DA:32,0
DA:41,0
DA:54,0
DA:55,0
DA:56,0
DA:57,0
DA:58,0
DA:59,0
DA:62,0
DA:63,0
DA:64,0
DA:67,0
DA:68,0
DA:69,0
DA:72,0
DA:74,0
DA:75,0
DA:76,0
DA:77,0
DA:78,0
DA:79,0
DA:80,0
DA:81,0
DA:84,0
DA:85,0
DA:86,0
DA:90,0
DA:91,0
DA:92,0
DA:94,0
DA:95,0
DA:104,0
DA:105,0
DA:106,0
DA:110,0
DA:112,0
DA:113,0
DA:114,0
DA:117,0
DA:118,0
DA:119,0
DA:121,0
DA:122,0
DA:123,0
DA:126,0
DA:127,0
DA:128,0
DA:131,0
DA:132,0
DA:133,0
DA:136,0
DA:146,0
DA:147,0
DA:148,0
DA:150,0
DA:152,0
DA:162,0
DA:163,0
DA:174,0
DA:176,0
DA:178,0
DA:179,0
DA:181,0
DA:185,0
DA:186,0
DA:190,0
DA:197,0
DA:212,0
DA:250,0
DA:251,0
DA:272,0
DA:273,0
DA:288,0
DA:297,0
DA:332,0
DA:341,0
DA:367,0
DA:376,0
DA:417,0
DA:423,0
DA:462,0
LF:81
LH:0
BRDA:58,0,0,0
BRDA:58,0,1,0
BRDA:68,1,0,0
BRDA:68,1,1,0
BRDA:72,2,0,0
BRDA:72,2,1,0
BRDA:72,2,2,0
BRDA:85,3,0,0
BRDA:85,3,1,0
BRDA:85,4,0,0
BRDA:85,4,1,0
BRDA:91,5,0,0
BRDA:91,5,1,0
BRDA:91,6,0,0
BRDA:91,6,1,0
BRDA:106,7,0,0
BRDA:106,7,1,0
BRDA:112,8,0,0
BRDA:112,8,1,0
BRDA:118,9,0,0
BRDA:118,9,1,0
BRDA:119,10,0,0
BRDA:119,10,1,0
BRDA:119,11,0,0
BRDA:119,11,1,0
BRDA:121,12,0,0
BRDA:121,12,1,0
BRDA:126,13,0,0
BRDA:126,13,1,0
BRDA:126,14,0,0
BRDA:126,14,1,0
BRDA:147,15,0,0
BRDA:147,15,1,0
BRDA:165,16,0,0
BRDA:165,16,1,0
BRDA:186,17,0,0
BRDA:186,17,1,0
BRDA:186,18,0,0
BRDA:186,18,1,0
BRDA:192,19,0,0
BRDA:192,19,1,0
BRDA:199,20,0,0
BRDA:199,20,1,0
BRDA:206,21,0,0
BRDA:206,21,1,0
BRDA:228,22,0,0
BRDA:228,22,1,0
BRDA:228,22,2,0
BRDA:243,23,0,0
BRDA:243,23,1,0
BRDA:243,24,0,0
BRDA:243,24,1,0
BRDA:251,25,0,0
BRDA:251,25,1,0
BRDA:257,26,0,0
BRDA:257,26,1,0
BRDA:265,27,0,0
BRDA:265,27,1,0
BRDA:273,28,0,0
BRDA:273,28,1,0
BRDA:278,29,0,0
BRDA:278,29,1,0
BRDA:293,30,0,0
BRDA:293,30,1,0
BRDA:294,31,0,0
BRDA:294,31,1,0
BRDA:302,32,0,0
BRDA:302,32,1,0
BRDA:307,33,0,0
BRDA:307,33,1,0
BRDA:320,34,0,0
BRDA:320,34,1,0
BRDA:325,35,0,0
BRDA:325,35,1,0
BRDA:337,36,0,0
BRDA:337,36,1,0
BRDA:338,37,0,0
BRDA:338,37,1,0
BRDA:345,38,0,0
BRDA:345,38,1,0
BRDA:352,39,0,0
BRDA:352,39,1,0
BRDA:372,40,0,0
BRDA:372,40,1,0
BRDA:373,41,0,0
BRDA:373,41,1,0
BRDA:380,42,0,0
BRDA:380,42,1,0
BRDA:385,43,0,0
BRDA:385,43,1,0
BRDA:391,44,0,0
BRDA:391,44,1,0
BRDA:399,45,0,0
BRDA:399,45,1,0
BRDA:401,46,0,0
BRDA:401,46,1,0
BRDA:412,47,0,0
BRDA:412,47,1,0
BRDA:412,48,0,0
BRDA:412,48,1,0
BRDA:434,49,0,0
BRDA:434,49,1,0
BRDA:435,50,0,0
BRDA:435,50,1,0
BRDA:438,51,0,0
BRDA:438,51,1,0
BRF:106
BRH:0
end_of_record
TN:
SF:app/trips/[id]/expenses/index.tsx
FN:47,ExpensesScreen
FN:75,(anonymous_1)
FN:77,(anonymous_2)
FN:86,(anonymous_3)
FN:87,(anonymous_4)
FN:95,(anonymous_5)
FN:100,(anonymous_6)
FN:106,(anonymous_7)
FN:112,(anonymous_8)
FN:116,(anonymous_9)
FN:121,(anonymous_10)
FN:130,(anonymous_11)
FN:131,(anonymous_12)
FN:141,(anonymous_13)
FN:145,(anonymous_14)
FN:155,(anonymous_15)
FN:162,(anonymous_16)
FN:167,(anonymous_17)
FN:175,(anonymous_18)
FN:182,(anonymous_19)
FN:201,(anonymous_20)
FN:236,(anonymous_21)
FN:302,(anonymous_22)
FN:314,(anonymous_23)
FN:327,(anonymous_24)
FN:334,(anonymous_25)
FN:356,(anonymous_26)
FN:381,(anonymous_27)
FN:384,(anonymous_28)
FN:431,(anonymous_29)
FN:469,(anonymous_30)
FN:475,(anonymous_31)
FN:493,(anonymous_32)
FNF:33
FNH:0
FNDA:0,ExpensesScreen
FNDA:0,(anonymous_1)
FNDA:0,(anonymous_2)
FNDA:0,(anonymous_3)
FNDA:0,(anonymous_4)
FNDA:0,(anonymous_5)
FNDA:0,(anonymous_6)
FNDA:0,(anonymous_7)
FNDA:0,(anonymous_8)
FNDA:0,(anonymous_9)
FNDA:0,(anonymous_10)
FNDA:0,(anonymous_11)
FNDA:0,(anonymous_12)
FNDA:0,(anonymous_13)
FNDA:0,(anonymous_14)
FNDA:0,(anonymous_15)
FNDA:0,(anonymous_16)
FNDA:0,(anonymous_17)
FNDA:0,(anonymous_18)
FNDA:0,(anonymous_19)
FNDA:0,(anonymous_20)
FNDA:0,(anonymous_21)
FNDA:0,(anonymous_22)
FNDA:0,(anonymous_23)
FNDA:0,(anonymous_24)
FNDA:0,(anonymous_25)
FNDA:0,(anonymous_26)
FNDA:0,(anonymous_27)
FNDA:0,(anonymous_28)
FNDA:0,(anonymous_29)
FNDA:0,(anonymous_30)
FNDA:0,(anonymous_31)
FNDA:0,(anonymous_32)
DA:25,0
DA:48,0
DA:49,0
DA:50,0
DA:51,0
DA:52,0
DA:53,0
DA:56,0
DA:59,0
DA:60,0
DA:61,0
DA:64,0
DA:66,0
DA:67,0
DA:68,0
DA:71,0
DA:72,0
DA:75,0
DA:76,0
DA:77,0
DA:78,0
DA:79,0
DA:82,0
DA:86,0
DA:87,0
DA:95,0
DA:96,0
DA:98,0
DA:100,0
DA:101,0
DA:102,0
DA:105,0
DA:106,0
DA:112,0
DA:116,0
DA:117,0
DA:120,0
DA:121,0
DA:122,0
DA:126,0
DA:129,0
DA:130,0
DA:131,0
DA:139,0
DA:141,0
DA:142,0
DA:145,0
DA:146,0
DA:152,0
DA:155,0
DA:156,0
DA:162,0
DA:163,0
DA:167,0
DA:168,0
DA:169,0
DA:170,0
DA:171,0
DA:175,0
DA:176,0
DA:178,0
DA:182,0
DA:202,0
DA:237,0
DA:254,0
DA:302,0
DA:314,0
DA:327,0
DA:334,0
DA:356,0
DA:382,0
DA:385,0
DA:386,0
DA:432,0
DA:469,0
DA:475,0
DA:494,0
DA:527,0
LF:78
LH:0
BRDA:52,0,0,0
BRDA:52,0,1,0
BRDA:64,1,0,0
BRDA:64,1,1,0
BRDA:64,1,2,0
BRDA:71,2,0,0
BRDA:71,2,1,0
BRDA:71,2,2,0
BRDA:72,3,0,0
BRDA:72,3,1,0
BRDA:78,4,0,0
BRDA:78,4,1,0
BRDA:89,5,0,0
BRDA:89,5,1,0
BRDA:90,6,0,0
BRDA:90,6,1,0
BRDA:96,7,0,0
BRDA:96,7,1,0
BRDA:96,8,0,0
BRDA:96,8,1,0
BRDA:101,9,0,0
BRDA:101,9,1,0
BRDA:102,10,0,0
BRDA:102,10,1,0
BRDA:110,11,0,0
BRDA:110,11,1,0
BRDA:117,12,0,0
BRDA:117,12,1,0
BRDA:117,13,0,0
BRDA:117,13,1,0
BRDA:122,14,0,0
BRDA:122,14,1,0
BRDA:134,15,0,0
BRDA:134,15,1,0
BRDA:139,16,0,0
BRDA:139,16,1,0
BRDA:142,17,0,0
BRDA:142,17,1,0
BRDA:142,18,0,0
BRDA:142,18,1,0
BRDA:152,19,0,0
BRDA:152,19,1,0
BRDA:169,20,0,0
BRDA:169,20,1,0
BRDA:176,21,0,0
BRDA:176,21,1,0
BRDA:191,22,0,0
BRDA:191,22,1,0
BRDA:197,23,0,0
BRDA:197,23,1,0
BRDA:264,24,0,0
BRDA:264,24,1,0
BRDA:277,25,0,0
BRDA:277,25,1,0
BRDA:300,26,0,0
BRDA:300,26,1,0
BRDA:306,27,0,0
BRDA:306,27,1,0
BRDA:312,28,0,0
BRDA:312,28,1,0
BRDA:318,29,0,0
BRDA:318,29,1,0
BRDA:342,30,0,0
BRDA:342,30,1,0
BRDA:350,31,0,0
BRDA:350,31,1,0
BRDA:350,31,2,0
BRDA:354,32,0,0
BRDA:354,32,1,0
BRDA:360,33,0,0
BRDA:360,33,1,0
BRDA:360,33,2,0
BRDA:366,34,0,0
BRDA:366,34,1,0
BRDA:367,35,0,0
BRDA:367,35,1,0
BRDA:424,36,0,0
BRDA:424,36,1,0
BRDA:445,37,0,0
BRDA:445,37,1,0
BRDA:447,38,0,0
BRDA:447,38,1,0
BRDA:452,39,0,0
BRDA:452,39,1,0
BRDA:454,40,0,0
BRDA:454,40,1,0
BRDA:487,41,0,0
BRDA:487,41,1,0
BRF:88
BRH:0
end_of_record
TN:
SF:app/trips/[id]/itinerary/[itemId].tsx
FN:54,ItineraryItemDetailScreen
FN:73,(anonymous_1)
FN:81,(anonymous_2)
FN:90,(anonymous_3)
FN:99,(anonymous_4)
FN:121,(anonymous_5)
FN:130,(anonymous_6)
FN:146,(anonymous_7)
FN:170,(anonymous_8)
FN:171,(anonymous_9)
FN:174,(anonymous_10)
FN:181,(anonymous_11)
FN:197,(anonymous_12)
FN:360,(anonymous_13)
FN:383,(anonymous_14)
FN:404,(anonymous_15)
FN:461,(anonymous_16)
FN:466,(anonymous_17)
FNF:18
FNH:0
FNDA:0,ItineraryItemDetailScreen
FNDA:0,(anonymous_1)
FNDA:0,(anonymous_2)
FNDA:0,(anonymous_3)
FNDA:0,(anonymous_4)
FNDA:0,(anonymous_5)
FNDA:0,(anonymous_6)
FNDA:0,(anonymous_7)
FNDA:0,(anonymous_8)
FNDA:0,(anonymous_9)
FNDA:0,(anonymous_10)
FNDA:0,(anonymous_11)
FNDA:0,(anonymous_12)
FNDA:0,(anonymous_13)
FNDA:0,(anonymous_14)
FNDA:0,(anonymous_15)
FNDA:0,(anonymous_16)
FNDA:0,(anonymous_17)
DA:45,0
DA:55,0
DA:56,0
DA:57,0
DA:58,0
DA:59,0
DA:61,0
DA:62,0
DA:63,0
DA:64,0
DA:65,0
DA:66,0
DA:67,0
DA:68,0
DA:69,0
DA:71,0
DA:73,0
DA:74,0
DA:81,0
DA:82,0
DA:90,0
DA:91,0
DA:92,0
DA:93,0
DA:94,0
DA:95,0
DA:99,0
DA:100,0
DA:101,0
DA:102,0
DA:105,0
DA:106,0
DA:107,0
DA:112,0
DA:114,0
DA:115,0
DA:117,0
DA:121,0
DA:122,0
DA:131,0
DA:132,0
DA:133,0
DA:135,0
DA:137,0
DA:138,0
DA:146,0
DA:147,0
DA:148,0
DA:153,0
DA:154,0
DA:155,0
DA:162,0
DA:165,0
DA:166,0
DA:170,0
DA:171,0
DA:174,0
DA:175,0
DA:176,0
DA:177,0
DA:178,0
DA:181,0
DA:182,0
DA:184,0
DA:194,0
DA:197,0
DA:198,0
DA:200,0
DA:201,0
DA:202,0
DA:203,0
DA:208,0
DA:209,0
DA:211,0
DA:212,0
DA:217,0
DA:219,0
DA:223,0
DA:224,0
DA:237,0
DA:238,0
DA:254,0
DA:255,0
DA:271,0
DA:361,0
DA:383,0
DA:405,0
DA:461,0
DA:466,0
DA:525,0
LF:90
LH:0
BRDA:59,0,0,0
BRDA:59,0,1,0
BRDA:71,1,0,0
BRDA:71,1,1,0
BRDA:71,2,0,0
BRDA:71,2,1,0
BRDA:71,3,0,0
BRDA:71,3,1,0
BRDA:91,4,0,0
BRDA:91,4,1,0
BRDA:92,5,0,0
BRDA:92,5,1,0
BRDA:93,6,0,0
BRDA:93,6,1,0
BRDA:94,7,0,0
BRDA:94,7,1,0
BRDA:100,8,0,0
BRDA:100,8,1,0
BRDA:100,9,0,0
BRDA:100,9,1,0
BRDA:109,10,0,0
BRDA:109,10,1,0
BRDA:110,11,0,0
BRDA:110,11,1,0
BRDA:132,12,0,0
BRDA:132,12,1,0
BRDA:153,13,0,0
BRDA:153,13,1,0
BRDA:153,14,0,0
BRDA:153,14,1,0
BRDA:153,14,2,0
BRDA:158,15,0,0
BRDA:158,15,1,0
BRDA:175,16,0,0
BRDA:175,16,1,0
BRDA:176,17,0,0
BRDA:176,17,1,0
BRDA:177,18,0,0
BRDA:177,18,1,0
BRDA:182,19,0,0
BRDA:182,19,1,0
BRDA:198,20,0,0
BRDA:198,20,1,0
BRDA:198,21,0,0
BRDA:198,21,1,0
BRDA:202,22,0,0
BRDA:202,22,1,0
BRDA:202,22,2,0
BRDA:209,23,0,0
BRDA:209,23,1,0
BRDA:223,24,0,0
BRDA:223,24,1,0
BRDA:237,25,0,0
BRDA:237,25,1,0
BRDA:247,26,0,0
BRDA:247,26,1,0
BRDA:254,27,0,0
BRDA:254,27,1,0
BRDA:314,28,0,0
BRDA:314,28,1,0
BRDA:320,29,0,0
BRDA:320,29,1,0
BRDA:321,30,0,0
BRDA:321,30,1,0
BRDA:327,31,0,0
BRDA:327,31,1,0
BRDA:344,32,0,0
BRDA:344,32,1,0
BRDA:367,33,0,0
BRDA:367,33,1,0
BRDA:376,34,0,0
BRDA:376,34,1,0
BRDA:434,35,0,0
BRDA:434,35,1,0
BRDA:435,36,0,0
BRDA:435,36,1,0
BRDA:471,37,0,0
BRDA:471,37,1,0
BRDA:472,38,0,0
BRDA:472,38,1,0
BRF:80
BRH:0
end_of_record
TN:
SF:app/trips/[id]/itinerary/_layout.tsx
FN:5,ItineraryLayout
FNF:1
FNH:0
FNDA:0,ItineraryLayout
DA:6,0
DA:7,0
DA:8,0
DA:10,0
LF:4
LH:0
BRDA:8,0,0,0
BRDA:8,0,1,0
BRF:2
BRH:0
end_of_record
TN:
SF:app/trips/[id]/itinerary/add.tsx
FN:35,AddItineraryItemScreen
FN:54,(anonymous_1)
FN:68,(anonymous_2)
FN:144,(anonymous_3)
FN:154,(anonymous_4)
FNF:5
FNH:0
FNDA:0,AddItineraryItemScreen
FNDA:0,(anonymous_1)
FNDA:0,(anonymous_2)
FNDA:0,(anonymous_3)
FNDA:0,(anonymous_4)
DA:26,0
DA:36,0
DA:37,0
DA:38,0
DA:39,0
DA:40,0
DA:41,0
DA:42,0
DA:44,0
DA:45,0
DA:46,0
DA:47,0
DA:48,0
DA:49,0
DA:50,0
DA:51,0
DA:52,0
DA:54,0
DA:55,0
DA:56,0
DA:57,0
DA:58,0
DA:59,0
DA:60,0
DA:62,0
DA:64,0
DA:68,0
DA:69,0
DA:70,0
DA:71,0
DA:74,0
DA:75,0
DA:76,0
DA:79,0
DA:80,0
DA:81,0
DA:84,0
DA:85,0
DA:86,0
DA:87,0
DA:89,0
DA:103,0
DA:112,0
DA:114,0
DA:115,0
DA:117,0
DA:121,0
DA:145,0
DA:154,0
DA:263,0
LF:50
LH:0
BRDA:42,0,0,0
BRDA:42,0,1,0
BRDA:55,1,0,0
BRDA:55,1,1,0
BRDA:58,2,0,0
BRDA:58,2,1,0
BRDA:69,3,0,0
BRDA:69,3,1,0
BRDA:74,4,0,0
BRDA:74,4,1,0
BRDA:79,5,0,0
BRDA:79,5,1,0
BRDA:92,6,0,0
BRDA:92,6,1,0
BRDA:93,7,0,0
BRDA:93,7,1,0
BRDA:105,8,0,0
BRDA:105,8,1,0
BRDA:124,9,0,0
BRDA:124,9,1,0
BRDA:150,10,0,0
BRDA:150,10,1,0
BRDA:151,11,0,0
BRDA:151,11,1,0
BRDA:159,12,0,0
BRDA:159,12,1,0
BRDA:164,13,0,0
BRDA:164,13,1,0
BRF:28
BRH:0
end_of_record
TN:
SF:app/trips/[id]/itinerary/index.tsx
FN:31,ItineraryScreen
FN:43,(anonymous_1)
FN:53,(anonymous_2)
FN:57,(anonymous_3)
FN:65,(anonymous_4)
FN:74,(anonymous_5)
FN:78,(anonymous_6)
FN:82,(anonymous_7)
FN:98,(anonymous_8)
FN:115,(anonymous_9)
FN:132,(anonymous_10)
FN:154,(anonymous_11)
FN:162,(anonymous_12)
FN:194,(anonymous_13)
FN:208,(anonymous_14)
FN:209,(anonymous_15)
FN:215,(anonymous_16)
FN:263,(anonymous_17)
FN:264,(anonymous_18)
FN:273,(anonymous_19)
FNF:20
FNH:0
FNDA:0,ItineraryScreen
FNDA:0,(anonymous_1)
FNDA:0,(anonymous_2)
FNDA:0,(anonymous_3)
FNDA:0,(anonymous_4)
FNDA:0,(anonymous_5)
FNDA:0,(anonymous_6)
FNDA:0,(anonymous_7)
FNDA:0,(anonymous_8)
FNDA:0,(anonymous_9)
FNDA:0,(anonymous_10)
FNDA:0,(anonymous_11)
FNDA:0,(anonymous_12)
FNDA:0,(anonymous_13)
FNDA:0,(anonymous_14)
FNDA:0,(anonymous_15)
FNDA:0,(anonymous_16)
FNDA:0,(anonymous_17)
FNDA:0,(anonymous_18)
FNDA:0,(anonymous_19)
DA:22,0
DA:32,0
DA:33,0
DA:34,0
DA:35,0
DA:36,0
DA:38,0
DA:39,0
DA:40,0
DA:43,0
DA:44,0
DA:45,0
DA:46,0
DA:47,0
DA:49,0
DA:50,0
DA:53,0
DA:54,0
DA:57,0
DA:58,0
DA:65,0
DA:66,0
DA:67,0
DA:74,0
DA:75,0
DA:78,0
DA:79,0
DA:82,0
DA:83,0
DA:86,0
DA:98,0
DA:115,0
DA:132,0
DA:155,0
DA:162,0
DA:194,0
DA:208,0
DA:210,0
DA:211,0
DA:215,0
DA:263,0
DA:265,0
DA:266,0
DA:273,0
DA:314,0
LF:45
LH:0
BRDA:36,0,0,0
BRDA:36,0,1,0
BRDA:44,1,0,0
BRDA:44,1,1,0
BRDA:46,2,0,0
BRDA:46,2,1,0
BRDA:75,3,0,0
BRDA:75,3,1,0
BRDA:75,4,0,0
BRDA:75,4,1,0
BRDA:96,5,0,0
BRDA:96,5,1,0
BRDA:103,6,0,0
BRDA:103,6,1,0
BRDA:107,7,0,0
BRDA:107,7,1,0
BRDA:113,8,0,0
BRDA:113,8,1,0
BRDA:120,9,0,0
BRDA:120,9,1,0
BRDA:124,10,0,0
BRDA:124,10,1,0
BRDA:130,11,0,0
BRDA:130,11,1,0
BRDA:137,12,0,0
BRDA:137,12,1,0
BRDA:141,13,0,0
BRDA:141,13,1,0
BRDA:147,14,0,0
BRDA:147,14,1,0
BRDA:159,15,0,0
BRDA:159,15,1,0
BRDA:166,16,0,0
BRDA:166,16,1,0
BRDA:170,17,0,0
BRDA:170,17,1,0
BRDA:183,18,0,0
BRDA:183,18,1,0
BRDA:188,19,0,0
BRDA:188,19,1,0
BRDA:192,20,0,0
BRDA:192,20,1,0
BRDA:196,21,0,0
BRDA:196,21,1,0
BRDA:204,22,0,0
BRDA:204,22,1,0
BRDA:207,23,0,0
BRDA:207,23,1,0
BRDA:223,24,0,0
BRDA:223,24,1,0
BRDA:237,25,0,0
BRDA:237,25,1,0
BRDA:241,26,0,0
BRDA:241,26,1,0
BRDA:246,27,0,0
BRDA:246,27,1,0
BRDA:262,28,0,0
BRDA:262,28,1,0
BRDA:283,29,0,0
BRDA:283,29,1,0
BRDA:285,30,0,0
BRDA:285,30,1,0
BRF:62
BRH:0
end_of_record
TN:
SF:components/external-link.tsx
FN:7,ExternalLink
FN:13,(anonymous_1)
FNF:2
FNH:0
FNDA:0,ExternalLink
FNDA:0,(anonymous_1)
DA:8,0
DA:14,0
DA:16,0
DA:18,0
LF:4
LH:0
BRDA:14,0,0,0
BRDA:14,0,1,0
BRF:2
BRH:0
end_of_record
TN:
SF:components/haptic-tab.tsx
FN:5,HapticTab
FN:9,(anonymous_1)
FNF:2
FNH:0
FNDA:0,HapticTab
FNDA:0,(anonymous_1)
DA:6,0
DA:10,0
DA:12,0
DA:14,0
LF:4
LH:0
BRDA:10,0,0,0
BRDA:10,0,1,0
BRF:2
BRH:0
end_of_record
TN:
SF:components/hello-wave.tsx
FN:3,HelloWave
FNF:1
FNH:0
FNDA:0,HelloWave
DA:4,0
LF:1
LH:0
BRF:0
BRH:0
end_of_record
TN:
SF:components/loading-screen.tsx
FN:20,LoadingScreen
FN:35,(anonymous_1)
FN:71,(anonymous_2)
FN:74,(anonymous_3)
FN:83,(anonymous_4)
FN:84,(anonymous_5)
FN:87,(anonymous_6)
FNF:7
FNH:0
FNDA:0,LoadingScreen
FNDA:0,(anonymous_1)
FNDA:0,(anonymous_2)
FNDA:0,(anonymous_3)
FNDA:0,(anonymous_4)
FNDA:0,(anonymous_5)
FNDA:0,(anonymous_6)
DA:24,0
DA:25,0
DA:26,0
DA:29,0
DA:30,0
DA:31,0
DA:32,0
DA:33,0
DA:35,0
DA:37,0
DA:53,0
DA:69,0
DA:71,0
DA:74,0
DA:75,0
DA:76,0
DA:83,0
DA:84,0
DA:87,0
DA:91,0
DA:96,0
DA:167,0
LF:22
LH:0
BRDA:21,0,0,0
BRDA:22,1,0,0
BRDA:26,2,0,0
BRDA:26,2,1,0
BRDA:75,3,0,0
BRDA:75,3,1,0
BRDA:147,4,0,0
BRDA:147,4,1,0
BRF:8
BRH:0
end_of_record
TN:
SF:components/parallax-scroll-view.tsx
FN:21,ParallaxScrollView
FN:30,(anonymous_1)
FNF:2
FNH:0
FNDA:0,ParallaxScrollView
FNDA:0,(anonymous_1)
DA:14,0
DA:26,0
DA:27,0
DA:28,0
DA:29,0
DA:30,0
DA:31,0
DA:47,0
DA:65,0
LF:9
LH:0
BRDA:27,0,0,0
BRDA:27,0,1,0
BRF:2
BRH:0
end_of_record
TN:
SF:components/screen-container.tsx
FN:30,ScreenContainer
FN:85,useScreenPadding
FNF:2
FNH:0
FNDA:0,ScreenContainer
FNDA:0,useScreenPadding
DA:40,0
DA:41,0
DA:42,0
DA:43,0
DA:45,0
DA:49,0
DA:53,0
DA:55,0
DA:86,0
DA:87,0
DA:88,0
DA:90,0
DA:108,0
LF:13
LH:0
BRDA:33,0,0,0
BRDA:34,1,0,0
BRDA:36,2,0,0
BRDA:37,3,0,0
BRDA:42,4,0,0
BRDA:42,4,1,0
BRDA:45,5,0,0
BRDA:45,5,1,0
BRDA:49,6,0,0
BRDA:49,6,1,0
BRDA:49,7,0,0
BRDA:49,7,1,0
BRDA:59,8,0,0
BRDA:59,8,1,0
BRDA:67,9,0,0
BRDA:67,9,1,0
BRDA:70,10,0,0
BRDA:70,10,1,0
BRDA:71,11,0,0
BRDA:71,11,1,0
BRDA:94,12,0,0
BRDA:94,12,1,0
BRDA:95,13,0,0
BRDA:95,13,1,0
BRDA:96,14,0,0
BRDA:96,14,1,0
BRDA:101,15,0,0
BRDA:101,15,1,0
BRF:28
BRH:0
end_of_record
TN:
SF:components/themed-text.tsx
FN:11,ThemedText
FNF:1
FNH:0
FNDA:0,ThemedText
DA:18,0
DA:20,0
DA:36,0
LF:3
LH:0
BRDA:15,0,0,0
BRDA:24,1,0,0
BRDA:24,1,1,0
BRDA:25,2,0,0
BRDA:25,2,1,0
BRDA:26,3,0,0
BRDA:26,3,1,0
BRDA:27,4,0,0
BRDA:27,4,1,0
BRDA:28,5,0,0
BRDA:28,5,1,0
BRF:11
BRH:0
end_of_record
TN:
SF:components/themed-view.tsx
FN:10,ThemedView
FNF:1
FNH:0
FNDA:0,ThemedView
DA:11,0
DA:13,0
LF:2
LH:0
BRF:0
BRH:0
end_of_record
TN:
SF:components/maps/MapViewComponent.tsx
FN:20,MapViewComponent
FNF:1
FNH:0
FNDA:0,MapViewComponent
DA:34,0
DA:56,0
LF:2
LH:0
BRDA:25,0,0,0
BRDA:26,1,0,0
BRDA:27,2,0,0
BRDA:28,3,0,0
BRDA:38,4,0,0
BRDA:38,4,1,0
BRF:6
BRH:0
end_of_record
TN:
SF:components/maps/MapViewComponent.web.tsx
FN:31,MapViewComponent
FN:36,(anonymous_1)
FN:41,(anonymous_2)
FN:66,Marker
FN:71,Polyline
FNF:5
FNH:0
FNDA:0,MapViewComponent
FNDA:0,(anonymous_1)
FNDA:0,(anonymous_2)
FNDA:0,Marker
FNDA:0,Polyline
DA:36,0
DA:38,0
DA:41,0
DA:42,0
DA:43,0
DA:46,0
DA:67,0
DA:72,0
DA:77,0
LF:9
LH:0
BRF:0
BRH:0
end_of_record
TN:
SF:components/maps/index.ts
FNF:0
FNH:0
LF:0
LH:0
BRF:0
BRH:0
end_of_record
TN:
SF:components/navigation/bottom-navigation.tsx
FN:28,BottomNavigation
FN:39,(anonymous_1)
FN:85,(anonymous_2)
FN:90,(anonymous_3)
FN:108,TabItem
FN:112,(anonymous_5)
FN:133,(anonymous_6)
FNF:7
FNH:0
FNDA:0,BottomNavigation
FNDA:0,(anonymous_1)
FNDA:0,(anonymous_2)
FNDA:0,(anonymous_3)
FNDA:0,TabItem
FNDA:0,(anonymous_5)
FNDA:0,(anonymous_6)
DA:25,0
DA:26,0
DA:34,0
DA:35,0
DA:36,0
DA:37,0
DA:39,0
DA:41,0
DA:42,0
DA:44,0
DA:49,0
DA:50,0
DA:52,0
DA:86,0
DA:90,0
DA:109,0
DA:110,0
DA:112,0
DA:113,0
DA:128,0
DA:130,0
DA:133,0
DA:191,0
LF:23
LH:0
BRDA:32,0,0,0
BRDA:36,1,0,0
BRDA:36,1,1,0
BRDA:41,2,0,0
BRDA:41,2,1,0
BRDA:49,3,0,0
BRDA:49,3,1,0
BRDA:50,4,0,0
BRDA:50,4,1,0
BRDA:57,5,0,0
BRDA:57,5,1,0
BRDA:62,6,0,0
BRDA:62,6,1,0
BRDA:74,7,0,0
BRDA:74,7,1,0
BRDA:115,8,0,0
BRDA:115,8,1,0
BRDA:121,9,0,0
BRDA:121,9,1,0
BRDA:128,10,0,0
BRDA:128,10,1,0
BRDA:128,11,0,0
BRDA:128,11,1,0
BRDA:135,12,0,0
BRDA:135,12,1,0
BRDA:156,13,0,0
BRDA:156,13,1,0
BRDA:158,14,0,0
BRDA:158,14,1,0
BRDA:158,14,2,0
BRDA:161,15,0,0
BRDA:161,15,1,0
BRDA:167,16,0,0
BRDA:167,16,1,0
BRDA:172,17,0,0
BRDA:172,17,1,0
BRDA:173,18,0,0
BRDA:173,18,1,0
BRDA:184,19,0,0
BRDA:184,19,1,0
BRF:40
BRH:0
end_of_record
TN:
SF:components/navigation/index.ts
FNF:0
FNH:0
LF:0
LH:0
BRF:0
BRH:0
end_of_record
TN:
SF:components/navigation/responsive-layout.tsx
FN:22,ResponsiveLayoutContent
FN:79,ResponsiveLayout
FNF:2
FNH:0
FNDA:0,ResponsiveLayoutContent
FNDA:0,ResponsiveLayout
DA:20,0
DA:31,0
DA:32,0
DA:33,0
DA:34,0
DA:36,0
DA:80,0
DA:91,0
LF:8
LH:0
BRDA:27,0,0,0
BRDA:28,1,0,0
BRDA:29,2,0,0
BRDA:34,3,0,0
BRDA:34,3,1,0
BRDA:39,4,0,0
BRDA:39,4,1,0
BRDA:54,5,0,0
BRDA:54,5,1,0
BRDA:55,6,0,0
BRDA:55,6,1,0
BRDA:56,7,0,0
BRDA:56,7,1,0
BRDA:61,8,0,0
BRDA:61,8,1,0
BRDA:68,9,0,0
BRDA:68,9,1,0
BRF:17
BRH:0
end_of_record
TN:
SF:components/navigation/screen-header.tsx
FN:15,ScreenHeader
FNF:1
FNH:0
FNDA:0,ScreenHeader
DA:16,0
DA:17,0
DA:18,0
DA:20,0
DA:41,0
LF:5
LH:0
BRDA:15,0,0,0
BRDA:18,1,0,0
BRDA:18,1,1,0
BRDA:22,2,0,0
BRDA:22,2,1,0
BRDA:22,3,0,0
BRDA:22,3,1,0
BRDA:33,4,0,0
BRDA:33,4,1,0
BRF:9
BRH:0
end_of_record
TN:
SF:components/navigation/sidebar-navigation.tsx
FN:35,SidebarNavigation
FN:55,(anonymous_1)
FN:62,(anonymous_2)
FN:79,(anonymous_3)
FN:90,(anonymous_4)
FN:97,(anonymous_5)
FN:98,(anonymous_6)
FN:156,(anonymous_7)
FN:157,(anonymous_8)
FN:199,(anonymous_9)
FN:210,(anonymous_10)
FNF:11
FNH:0
FNDA:0,SidebarNavigation
FNDA:0,(anonymous_1)
FNDA:0,(anonymous_2)
FNDA:0,(anonymous_3)
FNDA:0,(anonymous_4)
FNDA:0,(anonymous_5)
FNDA:0,(anonymous_6)
FNDA:0,(anonymous_7)
FNDA:0,(anonymous_8)
FNDA:0,(anonymous_9)
FNDA:0,(anonymous_10)
DA:31,0
DA:32,0
DA:33,0
DA:43,0
DA:44,0
DA:45,0
DA:48,0
DA:49,0
DA:51,0
DA:52,0
DA:53,0
DA:55,0
DA:56,0
DA:58,0
DA:63,0
DA:66,0
DA:73,0
DA:79,0
DA:80,0
DA:81,0
DA:90,0
DA:91,0
DA:92,0
DA:94,0
DA:97,0
DA:98,0
DA:155,0
DA:156,0
DA:157,0
DA:160,0
DA:199,0
DA:210,0
DA:226,0
LF:33
LH:0
BRDA:39,0,0,0
BRDA:40,1,0,0
BRDA:41,2,0,0
BRDA:45,3,0,0
BRDA:45,3,1,0
BRDA:56,4,0,0
BRDA:56,4,1,0
BRDA:90,5,0,0
BRDA:92,6,0,0
BRDA:92,6,1,0
BRDA:92,7,0,0
BRDA:92,7,1,0
BRDA:101,8,0,0
BRDA:101,8,1,0
BRDA:103,9,0,0
BRDA:103,9,1,0
BRDA:106,10,0,0
BRDA:106,10,1,0
BRDA:108,11,0,0
BRDA:108,11,1,0
BRDA:114,12,0,0
BRDA:114,12,1,0
BRDA:119,13,0,0
BRDA:119,13,1,0
BRDA:121,14,0,0
BRDA:121,14,1,0
BRDA:121,14,2,0
BRDA:124,15,0,0
BRDA:124,15,1,0
BRDA:130,16,0,0
BRDA:130,16,1,0
BRDA:135,17,0,0
BRDA:135,17,1,0
BRDA:136,18,0,0
BRDA:136,18,1,0
BRDA:147,19,0,0
BRDA:147,19,1,0
BRDA:147,19,2,0
BRDA:155,20,0,0
BRDA:155,20,1,0
BRDA:177,21,0,0
BRDA:177,21,1,0
BRDA:181,22,0,0
BRDA:181,22,1,0
BRDA:206,23,0,0
BRDA:206,23,1,0
BRDA:216,24,0,0
BRDA:216,24,1,0
BRDA:229,25,0,0
BRDA:229,25,1,0
BRF:50
BRH:0
end_of_record
TN:
SF:components/notifications/notification-listener.tsx
FN:12,NotificationListener
FN:21,(anonymous_1)
FN:65,(anonymous_2)
FN:74,(anonymous_3)
FN:77,(anonymous_4)
FN:84,(anonymous_5)
FN:88,(anonymous_6)
FN:97,(anonymous_7)
FN:105,(anonymous_8)
FN:107,(anonymous_9)
FN:112,(anonymous_10)
FNF:11
FNH:0
FNDA:0,NotificationListener
FNDA:0,(anonymous_1)
FNDA:0,(anonymous_2)
FNDA:0,(anonymous_3)
FNDA:0,(anonymous_4)
FNDA:0,(anonymous_5)
FNDA:0,(anonymous_6)
FNDA:0,(anonymous_7)
FNDA:0,(anonymous_8)
FNDA:0,(anonymous_9)
FNDA:0,(anonymous_10)
DA:13,0
DA:14,0
DA:15,0
DA:18,0
DA:19,0
DA:21,0
DA:22,0
DA:25,0
DA:26,0
DA:28,0
DA:32,0
DA:33,0
DA:35,0
DA:39,0
DA:40,0
DA:41,0
DA:42,0
DA:44,0
DA:48,0
DA:49,0
DA:53,0
DA:54,0
DA:56,0
DA:60,0
DA:61,0
DA:65,0
DA:66,0
DA:67,0
DA:68,0
DA:69,0
DA:72,0
DA:76,0
DA:77,0
DA:78,0
DA:79,0
DA:83,0
DA:84,0
DA:88,0
DA:89,0
DA:91,0
DA:99,0
DA:105,0
DA:108,0
DA:112,0
DA:113,0
DA:118,0
LF:46
LH:0
BRDA:22,0,0,0
BRDA:22,0,1,0
BRDA:22,0,2,0
BRDA:22,0,3,0
BRDA:22,0,4,0
BRDA:22,0,5,0
BRDA:22,0,6,0
BRDA:22,0,7,0
BRDA:22,0,8,0
BRDA:22,0,9,0
BRDA:25,1,0,0
BRDA:25,1,1,0
BRDA:32,2,0,0
BRDA:32,2,1,0
BRDA:39,3,0,0
BRDA:39,3,1,0
BRDA:39,4,0,0
BRDA:39,4,1,0
BRDA:41,5,0,0
BRDA:41,5,1,0
BRDA:53,6,0,0
BRDA:53,6,1,0
BRDA:66,7,0,0
BRDA:66,7,1,0
BRDA:66,8,0,0
BRDA:66,8,1,0
BRDA:76,9,0,0
BRDA:76,9,1,0
BRDA:84,10,0,0
BRDA:84,10,1,0
BRF:30
BRH:0
end_of_record
TN:
SF:components/offline/index.ts
FNF:0
FNH:0
LF:0
LH:0
BRF:0
BRH:0
end_of_record
TN:
SF:components/offline/offline-components.tsx
FN:28,OfflineStatusBanner
FN:35,(anonymous_1)
FN:87,DownloadButton
FN:103,(anonymous_3)
FN:108,(anonymous_4)
FN:112,(anonymous_5)
FN:122,(anonymous_6)
FN:183,MapDownloadCard
FN:198,(anonymous_8)
FN:206,(anonymous_9)
FN:210,(anonymous_10)
FN:237,(anonymous_11)
FN:248,(anonymous_12)
FN:313,CacheManagerContent
FN:330,(anonymous_14)
FN:342,(anonymous_15)
FN:346,(anonymous_16)
FN:355,(anonymous_17)
FN:366,(anonymous_18)
FN:368,(anonymous_19)
FN:368,(anonymous_20)
FN:372,(anonymous_21)
FN:374,(anonymous_22)
FN:374,(anonymous_23)
FN:431,(anonymous_24)
FN:448,(anonymous_25)
FN:468,(anonymous_26)
FN:485,(anonymous_27)
FN:498,CacheManager
FNF:29
FNH:0
FNDA:0,OfflineStatusBanner
FNDA:0,(anonymous_1)
FNDA:0,DownloadButton
FNDA:0,(anonymous_3)
FNDA:0,(anonymous_4)
FNDA:0,(anonymous_5)
FNDA:0,(anonymous_6)
FNDA:0,MapDownloadCard
FNDA:0,(anonymous_8)
FNDA:0,(anonymous_9)
FNDA:0,(anonymous_10)
FNDA:0,(anonymous_11)
FNDA:0,(anonymous_12)
FNDA:0,CacheManagerContent
FNDA:0,(anonymous_14)
FNDA:0,(anonymous_15)
FNDA:0,(anonymous_16)
FNDA:0,(anonymous_17)
FNDA:0,(anonymous_18)
FNDA:0,(anonymous_19)
FNDA:0,(anonymous_20)
FNDA:0,(anonymous_21)
FNDA:0,(anonymous_22)
FNDA:0,(anonymous_23)
FNDA:0,(anonymous_24)
FNDA:0,(anonymous_25)
FNDA:0,(anonymous_26)
FNDA:0,(anonymous_27)
FNDA:0,CacheManager
DA:29,0
DA:30,0
DA:31,0
DA:33,0
DA:35,0
DA:36,0
DA:37,0
DA:38,0
DA:39,0
DA:40,0
DA:41,0
DA:43,0
DA:44,0
DA:45,0
DA:46,0
DA:49,0
DA:50,0
DA:58,0
DA:96,0
DA:97,0
DA:98,0
DA:99,0
DA:100,0
DA:101,0
DA:103,0
DA:104,0
DA:105,0
DA:108,0
DA:109,0
DA:112,0
DA:113,0
DA:114,0
DA:123,0
DA:124,0
DA:130,0
DA:131,0
DA:132,0
DA:133,0
DA:134,0
DA:135,0
DA:137,0
DA:140,0
DA:145,0
DA:146,0
DA:148,0
DA:190,0
DA:191,0
DA:192,0
DA:193,0
DA:194,0
DA:195,0
DA:196,0
DA:198,0
DA:199,0
DA:200,0
DA:201,0
DA:202,0
DA:206,0
DA:207,0
DA:210,0
DA:211,0
DA:212,0
DA:213,0
DA:214,0
DA:227,0
DA:228,0
DA:229,0
DA:230,0
DA:233,0
DA:237,0
DA:238,0
DA:240,0
DA:249,0
DA:250,0
DA:251,0
DA:258,0
DA:322,0
DA:323,0
DA:324,0
DA:325,0
DA:326,0
DA:327,0
DA:328,0
DA:330,0
DA:331,0
DA:332,0
DA:336,0
DA:337,0
DA:338,0
DA:339,0
DA:342,0
DA:343,0
DA:346,0
DA:347,0
DA:356,0
DA:357,0
DA:358,0
[...]
DA:618,0
DA:627,0
DA:630,1
DA:631,0
DA:632,0
DA:633,0
DA:634,0
DA:635,0
DA:643,1
DA:644,0
DA:645,0
DA:648,1
DA:649,0
DA:650,0
DA:657,1
DA:659,1
DA:660,0
DA:661,0
DA:664,1
DA:665,0
DA:666,0
DA:667,0
DA:670,1
DA:671,0
DA:672,0
DA:679,1
DA:681,1
DA:682,0
DA:686,0
DA:689,1
DA:690,0
DA:691,0
DA:692,0
DA:693,0
DA:694,0
DA:702,1
DA:703,0
DA:704,0
LF:278
LH:56
BRDA:40,0,0,0
BRDA:40,0,1,0
BRDA:46,1,0,0
BRDA:46,1,1,0
BRDA:57,2,0,0
BRDA:57,2,1,0
BRDA:82,3,0,0
BRDA:82,3,1,0
BRDA:89,4,0,0
BRDA:89,4,1,0
BRDA:108,5,0,0
BRDA:108,5,1,0
BRDA:112,6,0,0
BRDA:112,6,1,0
BRDA:113,7,0,0
BRDA:113,7,1,0
BRDA:114,8,0,0
BRDA:114,8,1,0
BRDA:115,9,0,0
BRDA:115,9,1,0
BRDA:127,10,0,0
BRDA:127,10,1,0
BRDA:150,11,0,0
BRDA:150,11,1,0
BRDA:182,12,0,0
BRDA:182,12,1,0
BRDA:183,13,0,0
BRDA:183,13,1,0
BRDA:186,14,0,0
BRDA:186,14,1,0
BRDA:193,15,0,0
BRDA:193,15,1,0
BRDA:194,16,0,0
BRDA:194,16,1,0
BRDA:208,17,0,0
BRDA:208,17,1,0
BRDA:213,18,0,0
BRDA:213,18,1,0
BRDA:265,19,0,0
BRDA:265,19,1,0
BRDA:297,20,0,0
BRDA:297,20,1,0
BRDA:303,21,0,0
BRDA:303,21,1,0
BRDA:305,22,0,0
BRDA:305,22,1,0
BRDA:312,23,0,0
BRDA:312,23,1,0
BRDA:317,24,0,0
BRDA:317,24,1,0
BRDA:327,25,0,0
BRDA:327,25,1,0
BRDA:333,26,0,0
BRDA:333,26,1,0
BRDA:340,27,0,0
BRDA:340,27,1,0
BRDA:349,28,0,0
BRDA:349,28,1,0
BRDA:359,29,0,0
BRDA:359,29,1,0
BRDA:359,30,0,0
BRDA:359,30,1,0
BRDA:365,31,0,0
BRDA:365,31,1,0
BRDA:373,32,0,0
BRDA:373,32,1,0
BRDA:391,33,0,0
BRDA:391,33,1,0
BRDA:404,34,0,0
BRDA:404,34,1,0
BRDA:412,35,0,0
BRDA:412,35,1,0
BRDA:430,36,0,0
BRDA:430,36,1,0
BRDA:437,37,0,0
BRDA:437,37,1,0
BRDA:441,38,0,0
BRDA:441,38,1,0
BRDA:445,39,0,0
BRDA:445,39,1,0
BRDA:455,40,0,0
BRDA:455,40,1,0
BRDA:478,41,0,0
BRDA:478,41,1,0
BRDA:482,42,0,0
BRDA:482,42,1,0
BRDA:505,43,0,0
BRDA:505,43,1,0
BRDA:533,44,0,0
BRDA:533,44,1,0
BRDA:534,45,0,0
BRDA:534,45,1,0
BRDA:548,46,0,0
BRDA:548,46,1,0
BRDA:549,47,0,0
BRDA:549,47,1,0
BRDA:558,48,0,0
BRDA:558,48,1,0
BRDA:559,49,0,0
BRDA:559,49,1,0
BRDA:624,50,0,0
BRDA:624,50,1,0
BRF:102
BRH:0
end_of_record
TN:
SF:services/gemini.ts
FN:14,(anonymous_0)
FN:86,(anonymous_1)
FN:110,(anonymous_2)
FN:133,(anonymous_3)
FN:167,(anonymous_4)
FN:233,(anonymous_5)
FN:240,(anonymous_6)
FN:244,(anonymous_7)
FN:320,(anonymous_8)
FN:325,(anonymous_9)
FNF:10
FNH:0
FNDA:0,(anonymous_0)
FNDA:0,(anonymous_1)
FNDA:0,(anonymous_2)
FNDA:0,(anonymous_3)
FNDA:0,(anonymous_4)
FNDA:0,(anonymous_5)
FNDA:0,(anonymous_6)
FNDA:0,(anonymous_7)
FNDA:0,(anonymous_8)
FNDA:0,(anonymous_9)
DA:7,0
DA:12,0
DA:14,0
DA:15,0
DA:16,0
DA:18,0
DA:19,0
DA:21,0
DA:86,0
DA:87,0
DA:92,0
DA:94,0
DA:101,0
DA:109,0
DA:110,0
DA:111,0
DA:112,0
DA:113,0
DA:117,0
DA:118,0
DA:119,0
DA:123,0
DA:133,0
DA:167,0
DA:168,0
DA:170,0
DA:172,0
DA:175,0
DA:187,0
DA:189,0
DA:190,0
DA:193,0
DA:196,0
DA:197,0
DA:198,0
DA:199,0
DA:200,0
DA:202,0
DA:203,0
DA:205,0
DA:208,0
DA:209,0
DA:210,0
DA:211,0
DA:216,0
DA:217,0
DA:219,0
DA:220,0
DA:221,0
DA:222,0
DA:225,0
DA:227,0
DA:228,0
DA:233,0
DA:238,0
DA:240,0
DA:241,0
DA:244,0
DA:245,0
DA:246,0
DA:247,0
DA:249,0
DA:264,0
DA:265,0
DA:266,0
DA:267,0
DA:281,0
DA:282,0
DA:283,0
DA:284,0
DA:298,0
DA:299,0
DA:300,0
DA:301,0
DA:316,0
DA:320,0
DA:325,0
LF:77
LH:0
BRDA:7,0,0,0
BRDA:7,0,1,0
BRDA:7,0,2,0
BRDA:15,1,0,0
BRDA:15,1,1,0
BRDA:18,2,0,0
BRDA:18,2,1,0
BRDA:117,3,0,0
BRDA:117,3,1,0
BRDA:118,4,0,0
BRDA:118,4,1,0
BRDA:119,5,0,0
BRDA:119,5,1,0
BRDA:119,6,0,0
BRDA:119,6,1,0
BRDA:123,7,0,0
BRDA:123,7,1,0
BRDA:123,8,0,0
BRDA:123,8,1,0
BRDA:123,9,0,0
BRDA:123,9,1,0
BRDA:123,10,0,0
BRDA:123,10,1,0
BRDA:189,11,0,0
BRDA:189,11,1,0
BRDA:197,12,0,0
BRDA:197,12,1,0
BRDA:199,13,0,0
BRDA:199,13,1,0
BRDA:202,14,0,0
BRDA:202,14,1,0
BRDA:208,15,0,0
BRDA:208,15,1,0
BRDA:208,16,0,0
BRDA:208,16,1,0
BRDA:264,17,0,0
BRDA:264,17,1,0
BRDA:281,18,0,0
BRDA:281,18,1,0
BRDA:298,19,0,0
BRDA:298,19,1,0
BRF:41
BRH:0
end_of_record
TN:
SF:services/google-places.ts
FN:4,(anonymous_0)
FN:47,(anonymous_1)
FN:68,(anonymous_2)
FNF:3
FNH:0
FNDA:0,(anonymous_0)
FNDA:0,(anonymous_1)
FNDA:0,(anonymous_2)
DA:4,0
DA:6,0
DA:7,0
DA:11,0
DA:16,0
DA:18,0
DA:19,0
DA:47,0
DA:48,0
DA:50,0
DA:52,0
DA:53,0
DA:54,0
DA:56,0
DA:57,0
DA:58,0
DA:61,0
DA:63,0
DA:64,0
DA:68,0
DA:69,0
DA:71,0
DA:73,0
DA:74,0
DA:75,0
DA:77,0
DA:78,0
DA:79,0
DA:82,0
DA:84,0
DA:85,0
LF:31
LH:0
BRDA:6,0,0,0
BRDA:6,0,1,0
BRDA:11,1,0,0
BRDA:11,1,1,0
BRDA:11,1,2,0
BRDA:18,2,0,0
BRDA:18,2,1,0
BRDA:18,3,0,0
BRDA:18,3,1,0
BRDA:48,4,0,0
BRDA:48,4,1,0
BRDA:48,5,0,0
BRDA:48,5,1,0
BRDA:56,6,0,0
BRDA:56,6,1,0
BRDA:69,7,0,0
BRDA:69,7,1,0
BRDA:77,8,0,0
BRDA:77,8,1,0
BRF:19
BRH:0
end_of_record
TN:
SF:services/guest-mode.ts
FN:9,(anonymous_0)
FN:21,(anonymous_1)
FN:30,(anonymous_2)
FNF:3
FNH:3
FNDA:3,(anonymous_0)
FNDA:3,(anonymous_1)
FNDA:2,(anonymous_2)
DA:7,1
DA:9,1
DA:10,3
DA:11,3
DA:12,2
DA:14,1
DA:17,1
DA:21,1
DA:22,3
DA:23,3
DA:24,2
DA:26,1
DA:30,1
DA:31,2
DA:32,2
DA:34,1
LF:16
LH:16
BRDA:11,0,0,2
BRDA:11,0,1,1
BRF:2
BRH:2
end_of_record
TN:
SF:services/notifications.ts
FN:33,(anonymous_0)
FN:72,(anonymous_1)
FN:122,(anonymous_2)
FN:156,(anonymous_3)
FN:160,(anonymous_4)
FN:163,(anonymous_5)
FN:175,(anonymous_6)
FN:176,(anonymous_7)
FN:180,(anonymous_8)
FN:195,(anonymous_9)
FN:210,(anonymous_10)
FN:211,(anonymous_11)
FN:212,(anonymous_12)
FN:216,(anonymous_13)
FN:223,(anonymous_14)
FN:236,(anonymous_15)
FN:239,(anonymous_16)
FN:250,(anonymous_17)
FN:258,(anonymous_18)
FN:268,(anonymous_19)
FN:282,(anonymous_20)
FN:287,(anonymous_21)
FN:296,(anonymous_22)
FN:304,(anonymous_23)
FN:318,(anonymous_24)
FN:343,(anonymous_25)
FN:350,(anonymous_26)
FN:354,(anonymous_27)
FN:359,(anonymous_28)
FN:381,(anonymous_29)
FN:400,(anonymous_30)
FN:416,(anonymous_31)
FN:438,(anonymous_32)
FN:459,(anonymous_33)
FN:480,(anonymous_34)
FN:499,(anonymous_35)
FNF:36
FNH:0
FNDA:0,(anonymous_0)
FNDA:0,(anonymous_1)
FNDA:0,(anonymous_2)
FNDA:0,(anonymous_3)
FNDA:0,(anonymous_4)
FNDA:0,(anonymous_5)
FNDA:0,(anonymous_6)
FNDA:0,(anonymous_7)
FNDA:0,(anonymous_8)
FNDA:0,(anonymous_9)
FNDA:0,(anonymous_10)
FNDA:0,(anonymous_11)
FNDA:0,(anonymous_12)
FNDA:0,(anonymous_13)
FNDA:0,(anonymous_14)
FNDA:0,(anonymous_15)
FNDA:0,(anonymous_16)
FNDA:0,(anonymous_17)
FNDA:0,(anonymous_18)
FNDA:0,(anonymous_19)
FNDA:0,(anonymous_20)
FNDA:0,(anonymous_21)
FNDA:0,(anonymous_22)
FNDA:0,(anonymous_23)
FNDA:0,(anonymous_24)
FNDA:0,(anonymous_25)
FNDA:0,(anonymous_26)
FNDA:0,(anonymous_27)
FNDA:0,(anonymous_28)
FNDA:0,(anonymous_29)
FNDA:0,(anonymous_30)
FNDA:0,(anonymous_31)
FNDA:0,(anonymous_32)
FNDA:0,(anonymous_33)
FNDA:0,(anonymous_34)
FNDA:0,(anonymous_35)
DA:30,1
DA:33,1
DA:34,0
DA:35,0
DA:72,1
DA:74,0
DA:75,0
DA:76,0
DA:78,0
DA:86,0
DA:87,0
DA:89,0
DA:90,0
DA:96,0
DA:100,0
DA:118,0
DA:122,1
DA:126,0
DA:128,0
DA:129,0
DA:130,0
DA:149,0
DA:156,1
DA:157,0
DA:158,0
DA:159,0
DA:160,0
DA:163,1
DA:167,0
DA:174,0
DA:175,0
DA:176,0
DA:180,1
DA:181,0
DA:187,0
DA:188,0
DA:195,1
DA:201,0
DA:208,0
DA:211,0
DA:212,0
DA:214,0
DA:217,0
DA:218,0
DA:223,1
DA:228,0
DA:234,0
DA:237,0
DA:240,0
DA:241,0
DA:250,1
DA:251,0
DA:252,0
DA:258,1
DA:259,0
DA:265,0
DA:266,0
DA:268,0
DA:269,0
DA:275,0
DA:282,1
DA:283,0
DA:284,0
DA:287,1
DA:288,0
DA:293,0
DA:294,0
DA:296,0
DA:297,0
DA:300,0
DA:304,1
DA:305,0
DA:306,0
DA:308,0
DA:315,0
DA:316,0
DA:318,0
DA:319,0
DA:322,0
DA:343,1
DA:344,0
DA:349,0
DA:350,0
DA:354,1
DA:355,0
DA:358,0
DA:359,0
DA:362,0
DA:364,0
DA:381,1
DA:388,0
DA:400,1
DA:406,0
DA:416,1
DA:425,0
DA:438,1
DA:446,0
DA:459,1
DA:467,0
DA:480,1
DA:487,0
DA:499,1
DA:504,0
LF:103
LH:23
BRDA:50,0,0,0
BRDA:50,0,1,0
BRDA:74,1,0,0
BRDA:74,1,1,0
BRDA:87,2,0,0
BRDA:87,2,1,0
BRDA:109,3,0,0
BRDA:109,3,1,0
BRDA:110,4,0,0
BRDA:110,4,1,0
BRDA:111,5,0,0
BRDA:111,5,1,0
BRDA:112,6,0,0
BRDA:112,6,1,0
BRDA:113,7,0,0
BRDA:113,7,1,0
BRDA:114,8,0,0
BRDA:114,8,1,0
BRDA:115,9,0,0
BRDA:115,9,1,0
BRDA:139,10,0,0
BRDA:139,10,1,0
BRDA:140,11,0,0
BRDA:140,11,1,0
BRDA:141,12,0,0
BRDA:141,12,1,0
BRDA:142,13,0,0
BRDA:142,13,1,0
BRDA:143,14,0,0
BRDA:143,14,1,0
BRDA:144,15,0,0
BRDA:144,15,1,0
BRDA:145,16,0,0
BRDA:145,16,1,0
BRDA:159,17,0,0
BRDA:159,17,1,0
BRDA:165,18,0,0
BRDA:199,19,0,0
BRDA:304,20,0,0
BRDA:358,21,0,0
BRDA:358,21,1,0
BRDA:362,22,0,0
BRDA:362,22,1,0
BRF:43
BRH:0
end_of_record
TN:
SF:services/offline.ts
FN:71,(anonymous_0)
FN:86,(anonymous_1)
FN:95,(anonymous_2)
FN:98,(anonymous_3)
FN:104,(anonymous_4)
FN:121,(anonymous_5)
FN:141,(anonymous_6)
FN:152,(anonymous_7)
FN:164,(anonymous_8)
FN:175,(anonymous_9)
FN:192,(anonymous_10)
FN:233,(anonymous_11)
FN:256,(anonymous_12)
FN:267,(anonymous_13)
FN:270,(anonymous_14)
FN:277,(anonymous_15)
FN:299,(anonymous_16)
FN:313,(anonymous_17)
FN:324,(anonymous_18)
FN:327,(anonymous_19)
FN:334,(anonymous_20)
FN:345,(anonymous_21)
FN:360,(anonymous_22)
FN:371,(anonymous_23)
FN:379,(anonymous_24)
FN:382,(anonymous_25)
FN:390,(anonymous_26)
FN:410,(anonymous_27)
FN:444,(anonymous_28)
FN:484,(anonymous_29)
FN:507,(anonymous_30)
FN:516,(anonymous_31)
FN:524,(anonymous_32)
FNF:33
FNH:0
FNDA:0,(anonymous_0)
FNDA:0,(anonymous_1)
FNDA:0,(anonymous_2)
FNDA:0,(anonymous_3)
FNDA:0,(anonymous_4)
FNDA:0,(anonymous_5)
FNDA:0,(anonymous_6)
FNDA:0,(anonymous_7)
FNDA:0,(anonymous_8)
FNDA:0,(anonymous_9)
FNDA:0,(anonymous_10)
FNDA:0,(anonymous_11)
FNDA:0,(anonymous_12)
FNDA:0,(anonymous_13)
FNDA:0,(anonymous_14)
FNDA:0,(anonymous_15)
FNDA:0,(anonymous_16)
FNDA:0,(anonymous_17)
FNDA:0,(anonymous_18)
FNDA:0,(anonymous_19)
FNDA:0,(anonymous_20)
FNDA:0,(anonymous_21)
FNDA:0,(anonymous_22)
FNDA:0,(anonymous_23)
FNDA:0,(anonymous_24)
FNDA:0,(anonymous_25)
FNDA:0,(anonymous_26)
FNDA:0,(anonymous_27)
FNDA:0,(anonymous_28)
FNDA:0,(anonymous_29)
FNDA:0,(anonymous_30)
FNDA:0,(anonymous_31)
FNDA:0,(anonymous_32)
DA:12,0
DA:23,0
DA:24,0
DA:25,0
DA:71,0
DA:72,0
DA:73,0
DA:74,0
DA:75,0
DA:76,0
DA:77,0
DA:81,0
DA:86,0
DA:87,0
DA:88,0
DA:89,0
DA:91,0
DA:95,0
DA:98,0
DA:99,0
DA:104,0
DA:105,0
DA:106,0
DA:114,0
DA:115,0
DA:117,0
DA:121,0
DA:122,0
DA:123,0
DA:124,0
DA:126,0
DA:129,0
DA:130,0
DA:131,0
DA:134,0
DA:136,0
DA:137,0
DA:141,0
DA:142,0
DA:143,0
DA:144,0
DA:145,0
DA:147,0
DA:148,0
DA:152,0
DA:153,0
DA:154,0
DA:159,0
DA:164,0
DA:165,0
DA:166,0
DA:171,0
DA:175,0
DA:176,0
DA:177,0
DA:178,0
DA:180,0
DA:181,0
DA:183,0
DA:184,0
DA:189,0
DA:192,0
DA:195,0
DA:196,0
DA:197,0
DA:200,0
DA:202,0
DA:203,0
DA:207,0
DA:208,0
DA:210,0
DA:222,0
DA:223,0
DA:224,0
DA:226,0
DA:228,0
DA:229,0
DA:233,0
DA:234,0
DA:235,0
DA:236,0
DA:238,0
DA:241,0
DA:242,0
DA:244,0
DA:245,0
DA:246,0
DA:249,0
DA:251,0
DA:252,0
DA:256,0
DA:257,0
DA:258,0
DA:259,0
DA:260,0
DA:262,0
DA:263,0
DA:267,0
DA:268,0
DA:269,0
DA:270,0
DA:272,0
DA:273,0
DA:277,0
DA:278,0
DA:279,0
DA:280,0
DA:282,0
DA:284,0
DA:285,0
DA:286,0
DA:290,0
DA:291,0
DA:294,0
DA:299,0
DA:300,0
DA:301,0
DA:302,0
DA:306,0
DA:307,0
DA:309,0
DA:313,0
DA:314,0
DA:315,0
DA:316,0
DA:317,0
DA:319,0
DA:320,0
DA:324,0
DA:325,0
DA:326,0
DA:327,0
DA:329,0
DA:330,0
DA:334,0
DA:335,0
DA:336,0
DA:337,0
DA:338,0
DA:340,0
DA:345,0
DA:346,0
DA:347,0
DA:348,0
DA:353,0
DA:354,0
DA:356,0
DA:360,0
DA:361,0
DA:362,0
DA:363,0
DA:364,0
DA:366,0
DA:367,0
DA:371,0
DA:372,0
DA:373,0
DA:375,0
DA:379,0
DA:380,0
DA:381,0
DA:382,0
DA:383,0
DA:385,0
DA:390,0
DA:391,0
DA:392,0
DA:393,0
DA:396,0
DA:398,0
DA:399,0
DA:400,0
DA:401,0
DA:403,0
DA:404,0
DA:407,0
DA:408,0
DA:409,0
DA:410,0
DA:411,0
DA:413,0
DA:415,0
DA:416,0
DA:417,0
DA:418,0
DA:419,0
DA:420,0
DA:425,0
DA:426,0
DA:427,0
DA:432,0
DA:434,0
DA:439,0
DA:444,0
DA:445,0
DA:446,0
DA:447,0
DA:450,0
DA:451,0
DA:452,0
DA:453,0
DA:454,0
DA:455,0
DA:456,0
DA:462,0
DA:463,0
DA:464,0
DA:465,0
DA:466,0
DA:467,0
DA:468,0
DA:473,0
DA:479,0
DA:480,0
DA:484,0
DA:485,0
DA:487,0
DA:488,0
DA:489,0
DA:493,0
DA:500,0
DA:502,0
DA:507,0
DA:508,0
DA:509,0
DA:510,0
DA:511,0
DA:512,0
DA:516,0
DA:517,0
DA:518,0
DA:520,0
DA:524,0
DA:525,0
DA:526,0
DA:527,0
DA:529,0
DA:530,0
LF:238
LH:0
BRDA:76,0,0,0
BRDA:76,0,1,0
BRDA:89,1,0,0
BRDA:89,1,1,0
BRDA:99,2,0,0
BRDA:99,2,1,0
BRDA:124,3,0,0
BRDA:124,3,1,0
BRDA:129,4,0,0
BRDA:129,4,1,0
BRDA:144,5,0,0
BRDA:144,5,1,0
BRDA:178,6,0,0
BRDA:178,6,1,0
BRDA:202,7,0,0
BRDA:202,7,1,0
BRDA:208,8,0,0
BRDA:208,8,1,0
BRDA:208,9,0,0
BRDA:208,9,1,0
BRDA:216,10,0,0
BRDA:216,10,1,0
BRDA:238,11,0,0
BRDA:238,11,1,0
BRDA:242,12,0,0
BRDA:242,12,1,0
BRDA:259,13,0,0
BRDA:259,13,1,0
BRDA:282,14,0,0
BRDA:282,14,1,0
BRDA:285,15,0,0
BRDA:285,15,1,0
BRDA:316,16,0,0
BRDA:316,16,1,0
BRDA:363,17,0,0
BRDA:363,17,1,0
BRDA:393,18,0,0
BRDA:393,18,1,0
BRDA:393,19,0,0
BRDA:393,19,1,0
BRDA:400,20,0,0
BRDA:400,20,1,0
BRDA:401,21,0,0
BRDA:401,21,1,0
BRDA:409,22,0,0
BRDA:409,22,1,0
BRDA:410,23,0,0
BRDA:410,23,1,0
BRDA:415,24,0,0
BRDA:415,24,1,0
BRDA:418,25,0,0
BRDA:418,25,1,0
BRDA:426,26,0,0
BRDA:426,26,1,0
BRDA:451,27,0,0
BRDA:451,27,1,0
BRDA:455,28,0,0
BRDA:455,28,1,0
BRDA:455,29,0,0
BRDA:455,29,1,0
BRDA:463,30,0,0
BRDA:463,30,1,0
BRDA:467,31,0,0
BRDA:467,31,1,0
BRDA:467,32,0,0
BRDA:467,32,1,0
BRDA:488,33,0,0
BRDA:488,33,1,0
BRDA:508,34,0,0
BRDA:508,34,1,0
BRDA:527,35,0,0
BRDA:527,35,1,0
BRF:72
BRH:0
end_of_record
TN:
SF:services/security.ts
FN:19,(anonymous_0)
FNF:1
FNH:1
FNDA:5,(anonymous_0)
DA:19,2
DA:23,5
DA:25,5
DA:26,5
DA:27,1
DA:28,1
DA:32,4
DA:33,4
DA:34,1
DA:35,1
DA:38,3
DA:48,3
DA:49,3
DA:55,2
DA:56,1
DA:57,1
DA:60,1
DA:64,1
DA:67,1
DA:68,1
DA:71,0
DA:76,2
LF:22
LH:21
BRDA:21,0,0,0
BRDA:26,1,0,1
BRDA:26,1,1,4
BRDA:33,2,0,1
BRDA:33,2,1,3
BRDA:42,3,0,3
BRDA:42,3,1,2
BRDA:55,4,0,1
BRDA:55,4,1,1
BRDA:67,5,0,1
BRDA:67,5,1,0
BRDA:67,6,0,1
BRDA:67,6,1,1
BRF:13
BRH:11
end_of_record
TN:
SF:services/subscription.ts
FN:43,getUserSubscription
FN:65,createOrUpdateSubscription
FN:115,cancelSubscription
FN:126,reactivateSubscription
FN:137,subscribeToSubscription
FN:145,(anonymous_5)
FN:161,(anonymous_6)
FN:178,getEffectivePlan
FN:197,getPlanLimits
FN:204,getPlanInfo
FN:205,(anonymous_10)
FN:211,isPlanHigherThan
FN:219,getRequiredPlanForFeature
FN:230,checkFeatureAccess
FN:254,checkCollaboratorLimit
FN:284,checkExpenseLimit
FN:314,checkDocumentLimit
FN:344,checkTeamMemberLimit
FN:374,getTripUsage
FN:405,checkDowngradeImpact
FN:467,getFeatureDifferences
FN:486,(anonymous_21)
FN:494,(anonymous_22)
FNF:23
FNH:0
FNDA:0,getUserSubscription
FNDA:0,createOrUpdateSubscription
FNDA:0,cancelSubscription
FNDA:0,reactivateSubscription
FNDA:0,subscribeToSubscription
FNDA:0,(anonymous_5)
FNDA:0,(anonymous_6)
FNDA:0,getEffectivePlan
FNDA:0,getPlanLimits
FNDA:0,getPlanInfo
FNDA:0,(anonymous_10)
FNDA:0,isPlanHigherThan
FNDA:0,getRequiredPlanForFeature
FNDA:0,checkFeatureAccess
FNDA:0,checkCollaboratorLimit
FNDA:0,checkExpenseLimit
FNDA:0,checkDocumentLimit
FNDA:0,checkTeamMemberLimit
FNDA:0,getTripUsage
FNDA:0,checkDowngradeImpact
FNDA:0,getFeatureDifferences
FNDA:0,(anonymous_21)
FNDA:0,(anonymous_22)
DA:33,0
DA:34,0
DA:44,0
DA:45,0
DA:47,0
DA:48,0
DA:51,0
DA:52,0
DA:70,0
DA:71,0
DA:73,0
DA:74,0
DA:76,0
DA:79,0
DA:90,0
DA:91,0
DA:93,0
DA:94,0
DA:96,0
DA:102,0
DA:116,0
DA:117,0
DA:127,0
DA:128,0
DA:141,0
DA:143,0
DA:146,0
DA:147,0
DA:148,0
DA:151,0
DA:152,0
DA:163,0
DA:164,0
DA:166,0
DA:179,0
DA:182,0
DA:183,0
DA:187,0
DA:188,0
DA:191,0
DA:198,0
DA:205,0
DA:212,0
DA:213,0
DA:220,0
DA:234,0
DA:235,0
DA:237,0
DA:238,0
DA:240,0
DA:241,0
DA:244,0
DA:258,0
DA:260,0
DA:261,0
DA:264,0
DA:265,0
DA:274,0
DA:288,0
DA:290,0
DA:291,0
DA:294,0
DA:295,0
DA:304,0
DA:318,0
DA:320,0
DA:321,0
DA:324,0
DA:325,0
DA:334,0
DA:348,0
DA:350,0
DA:351,0
DA:360,0
DA:375,0
DA:390,0
DA:416,0
DA:417,0
DA:420,0
DA:425,0
DA:426,0
DA:427,0
DA:428,0
DA:430,0
DA:432,0
DA:435,0
DA:437,0
DA:440,0
DA:442,0
DA:445,0
DA:446,0
DA:454,0
DA:474,0
DA:475,0
DA:477,0
DA:478,0
DA:482,0
DA:484,0
DA:485,0
DA:486,0
DA:492,0
DA:494,0
LF:102
LH:0
BRDA:47,0,0,0
BRDA:47,0,1,0
BRDA:68,1,0,0
BRDA:73,2,0,0
BRDA:73,2,1,0
BRDA:93,3,0,0
BRDA:93,3,1,0
BRDA:146,4,0,0
BRDA:146,4,1,0
BRDA:163,5,0,0
BRDA:163,5,1,0
BRDA:179,6,0,0
BRDA:179,6,1,0
BRDA:182,7,0,0
BRDA:182,7,1,0
BRDA:182,8,0,0
BRDA:182,8,1,0
BRDA:187,9,0,0
BRDA:187,9,1,0
BRDA:240,10,0,0
BRDA:240,10,1,0
BRDA:246,11,0,0
BRDA:246,11,1,0
BRDA:260,12,0,0
BRDA:260,12,1,0
BRDA:264,13,0,0
BRDA:264,13,1,0
BRDA:290,14,0,0
BRDA:290,14,1,0
BRDA:294,15,0,0
BRDA:294,15,1,0
BRDA:320,16,0,0
BRDA:320,16,1,0
BRDA:324,17,0,0
BRDA:324,17,1,0
BRDA:350,18,0,0
BRDA:350,18,1,0
BRDA:430,19,0,0
BRDA:430,19,1,0
BRDA:430,20,0,0
BRDA:430,20,1,0
BRDA:435,21,0,0
BRDA:435,21,1,0
BRDA:435,22,0,0
BRDA:435,22,1,0
BRDA:440,23,0,0
BRDA:440,23,1,0
BRDA:440,24,0,0
BRDA:440,24,1,0
BRDA:445,25,0,0
BRDA:445,25,1,0
BRDA:477,26,0,0
BRDA:477,26,1,0
BRDA:477,27,0,0
BRDA:477,27,1,0
BRDA:484,28,0,0
BRDA:484,28,1,0
BRF:57
BRH:0
end_of_record
TN:
SF:types/database.ts
FN:220,calculateDistance
FN:234,toRadians
FNF:2
FNH:0
FNDA:0,calculateDistance
FNDA:0,toRadians
DA:172,2
DA:221,0
DA:222,0
DA:223,0
DA:226,0
DA:230,0
DA:231,0
DA:235,0
LF:8
LH:1
BRF:0
BRH:0
end_of_record
TN:
SF:types/index.ts
FNF:0
FNH:0
LF:0
LH:0
BRF:0
BRH:0
end_of_record
TN:
SF:types/subscription.ts
FNF:0
FNH:0
DA:58,0
DA:121,0
DA:244,0
LF:3
LH:0
BRF:0
BRH:0
end_of_record
TN:
SF:utils/animations.ts
FN:88,(anonymous_0)
FN:93,(anonymous_1)
FNF:2
FNH:0
FNDA:0,(anonymous_0)
FNDA:0,(anonymous_1)
DA:9,0
DA:17,0
DA:29,0
DA:67,0
DA:81,0
DA:88,0
DA:93,0
DA:99,0
DA:105,0
DA:112,0
DA:118,0
LF:11
LH:0
BRDA:88,0,0,0
BRDA:93,1,0,0
BRF:2
BRH:0
end_of_record
TN:
SF:utils/encryption.ts
FN:8,(anonymous_0)
FN:10,(anonymous_1)
FN:14,(anonymous_2)
FN:34,(anonymous_3)
FN:41,(anonymous_4)
FN:49,(anonymous_5)
FNF:6
FNH:0
FNDA:0,(anonymous_0)
FNDA:0,(anonymous_1)
FNDA:0,(anonymous_2)
FNDA:0,(anonymous_3)
FNDA:0,(anonymous_4)
FNDA:0,(anonymous_5)
DA:8,0
DA:9,0
DA:10,0
DA:14,0
DA:15,0
DA:18,0
DA:19,0
DA:21,0
DA:26,0
DA:28,0
DA:29,0
DA:34,0
DA:37,0
DA:41,0
DA:42,0
DA:49,0
DA:50,0
DA:51,0
LF:18
LH:0
BRF:0
BRH:0
end_of_record
TN:
SF:utils/validation.ts
FN:54,(anonymous_0)
FN:66,(anonymous_1)
FN:78,(anonymous_2)
FN:93,(anonymous_3)
FN:119,(anonymous_4)
FN:152,(anonymous_5)
FN:189,(anonymous_6)
FN:209,(anonymous_7)
FN:280,(anonymous_8)
FN:314,(anonymous_9)
FN:341,(anonymous_10)
FNF:11
FNH:0
FNDA:0,(anonymous_0)
FNDA:0,(anonymous_1)
FNDA:0,(anonymous_2)
FNDA:0,(anonymous_3)
FNDA:0,(anonymous_4)
FNDA:0,(anonymous_5)
FNDA:0,(anonymous_6)
FNDA:0,(anonymous_7)
FNDA:0,(anonymous_8)
FNDA:0,(anonymous_9)
FNDA:0,(anonymous_10)
DA:6,0
DA:21,0
DA:54,0
DA:55,0
DA:56,0
DA:59,0
DA:60,0
DA:63,0
DA:66,0
DA:67,0
DA:68,0
DA:71,0
DA:72,0
DA:75,0
DA:78,0
DA:82,0
DA:83,0
DA:86,0
DA:87,0
DA:90,0
DA:93,0
DA:94,0
DA:95,0
DA:98,0
DA:99,0
DA:102,0
DA:119,0
DA:122,0
DA:124,0
DA:125,0
DA:126,0
DA:130,0
DA:131,0
DA:134,0
DA:152,0
DA:155,0
DA:157,0
DA:158,0
DA:159,0
DA:162,0
DA:163,0
DA:164,0
DA:167,0
DA:171,0
DA:172,0
DA:175,0
DA:189,0
DA:192,0
DA:194,0
DA:195,0
DA:196,0
DA:199,0
DA:209,0
DA:216,0
DA:217,0
DA:219,0
DA:220,0
DA:222,0
DA:225,0
DA:226,0
DA:228,0
DA:231,0
DA:232,0
DA:234,0
DA:237,0
DA:238,0
DA:240,0
DA:243,0
DA:244,0
DA:246,0
DA:250,0
DA:251,0
DA:252,0
DA:253,0
DA:254,0
DA:255,0
DA:257,0
DA:260,0
DA:267,0
DA:268,0
DA:269,0
DA:270,0
DA:280,0
DA:281,0
DA:282,0
DA:284,0
DA:285,0
DA:286,0
DA:288,0
DA:289,0
DA:290,0
DA:297,0
DA:298,0
DA:302,0
DA:303,0
DA:305,0
DA:310,0
DA:314,0
DA:315,0
DA:316,0
DA:317,0
DA:319,0
DA:321,0
DA:322,0
DA:323,0
DA:325,0
DA:332,0
DA:337,0
DA:341,0
DA:342,0
DA:343,0
DA:344,0
LF:112
LH:0
BRDA:55,0,0,0
BRDA:55,0,1,0
BRDA:55,1,0,0
BRDA:55,1,1,0
BRDA:59,2,0,0
BRDA:59,2,1,0
BRDA:67,3,0,0
BRDA:67,3,1,0
BRDA:67,4,0,0
BRDA:67,4,1,0
BRDA:71,5,0,0
BRDA:71,5,1,0
BRDA:82,6,0,0
BRDA:82,6,1,0
BRDA:82,7,0,0
BRDA:82,7,1,0
BRDA:86,8,0,0
BRDA:86,8,1,0
BRDA:94,9,0,0
BRDA:94,9,1,0
BRDA:94,10,0,0
BRDA:94,10,1,0
BRDA:98,11,0,0
BRDA:98,11,1,0
BRDA:125,12,0,0
BRDA:125,12,1,0
BRDA:130,13,0,0
BRDA:130,13,1,0
BRDA:130,14,0,0
BRDA:130,14,1,0
BRDA:158,15,0,0
BRDA:158,15,1,0
BRDA:163,16,0,0
BRDA:163,16,1,0
BRDA:171,17,0,0
BRDA:171,17,1,0
BRDA:195,18,0,0
BRDA:195,18,1,0
BRDA:219,19,0,0
BRDA:219,19,1,0
BRDA:225,20,0,0
BRDA:225,20,1,0
BRDA:231,21,0,0
BRDA:231,21,1,0
BRDA:237,22,0,0
BRDA:237,22,1,0
BRDA:243,23,0,0
BRDA:243,23,1,0
BRDA:250,24,0,0
BRDA:250,24,1,0
BRDA:252,25,0,0
BRDA:252,25,1,0
BRDA:254,26,0,0
BRDA:254,26,1,0
BRDA:284,27,0,0
BRDA:284,27,1,0
BRDA:288,28,0,0
BRDA:288,28,1,0
BRDA:303,29,0,0
BRDA:303,29,1,0
BRDA:317,30,0,0
BRDA:317,30,1,0
BRDA:321,31,0,0
BRDA:321,31,1,0
BRF:64
BRH:0
end_of_record
